2018-02-21 16:54:56 [info] Handshake. MAC address ec:8e:b5:10:65:38.0
2018-02-21 16:54:57 [info] Load product - ZTU_Zatumanom
2018-02-21 16:54:57 [info] Load product - ORH_Mrmag
2018-02-21 16:54:57 [info] Load product - MC_McTrade
2018-02-21 16:54:57 [info] Load product - BL_MorozKofe
2018-02-21 16:54:57 [info] Load product - MG_BabyTerra
2018-02-21 16:54:57 [info] Load product - BLA_MorozKofe
2018-02-21 16:54:57 [info] Load product - PETS_PetShop
2018-02-21 16:54:57 [info] Load product - CIT_CitiLink
2018-02-21 16:54:57 [info] Load product - PL_Pleer
2018-02-21 16:54:57 [info] Load product - TORG_Mail
2018-02-21 16:54:57 [info] Load product - EL_Elgal
2018-02-21 16:54:57 [info] Load product - LUM_Lumis
2018-02-21 16:54:57 [info] Load product - STA_Stal
2018-02-21 16:54:57 [info] Load product - ZU_StayerInstrument
2018-02-21 16:54:57 [info] Load product - ME_Merlion
2018-02-21 16:54:57 [info] Load product - TORG2_TradeDesign
2018-02-21 16:54:57 [info] Load product - OR_Optvideo
2018-02-21 16:54:57 [info] Load product - OnlTr_OnlineTrade
2018-02-21 16:54:57 [info] Load product - PL_Satom
2018-02-21 16:54:57 [info] Load product - ZTU_Tursportopt
2018-02-21 16:54:57 [info] Load product - ORH_Oreht
2018-02-21 16:54:57 [info] Load product - ZOOS_KotyaShop
2018-02-21 16:54:57 [info] Load product - ZU_Zubr36
2018-02-21 16:54:57 [info] Load product - BL_GidroShop
2018-02-21 16:54:57 [info] Load product - BL_AmadeusBt
2018-02-21 16:54:57 [info] Load product - BLA_GidroShop
2018-02-21 16:54:57 [info] Load product - BLA_Vannam
2018-02-21 16:54:57 [info] Load product - ELPAK_RelefOpt
2018-02-21 17:00:05 [info] Handshake. MAC address ec:8e:b5:10:65:38.0
2018-02-21 17:00:05 [info] Load product - ZTU_Zatumanom
2018-02-21 17:00:05 [info] Load product - ORH_Mrmag
2018-02-21 17:00:05 [info] Load product - MC_McTrade
2018-02-21 17:00:05 [info] Load product - BL_MorozKofe
2018-02-21 17:00:05 [info] Load product - MG_BabyTerra
2018-02-21 17:00:05 [info] Load product - BLA_MorozKofe
2018-02-21 17:00:05 [info] Load product - PETS_PetShop
2018-02-21 17:00:05 [info] Load product - PL_Pleer
2018-02-21 17:00:05 [info] Load product - TORG_Mail
2018-02-21 17:00:05 [info] Load product - ZU_StayerInstrument
2018-02-21 17:00:05 [info] Load product - CIT_CitiLink
2018-02-21 17:00:05 [info] Load product - LUM_Lumis
2018-02-21 17:00:05 [info] Load product - EL_Elgal
2018-02-21 17:00:05 [info] Load product - ME_Merlion
2018-02-21 17:00:05 [info] Load product - TORG2_TradeDesign
2018-02-21 17:00:05 [info] Load product - STA_Stal
2018-02-21 17:00:05 [info] Load product - OR_Optvideo
2018-02-21 17:00:05 [info] Load product - OnlTr_OnlineTrade
2018-02-21 17:00:05 [info] Load product - PL_Satom
2018-02-21 17:00:05 [info] Load product - ZTU_Tursportopt
2018-02-21 17:00:05 [info] Load product - ORH_Oreht
2018-02-21 17:00:05 [info] Load product - BL_AmadeusBt
2018-02-21 17:00:05 [info] Load product - ZOOS_KotyaShop
2018-02-21 17:00:05 [info] Load product - ZU_Zubr36
2018-02-21 17:00:05 [info] Load product - BL_GidroShop
2018-02-21 17:00:05 [info] Load product - BLA_Vannam
2018-02-21 17:00:05 [info] Load product - BLA_GidroShop
2018-02-21 17:00:05 [info] Load product - ELPAK_RelefOpt
2018-02-21 17:00:45 [info] Handshake. MAC address ec:8e:b5:10:65:38.0
2018-02-21 17:00:45 [info] Load product - ZTU_Zatumanom
2018-02-21 17:00:45 [info] Load product - MC_McTrade
2018-02-21 17:00:45 [info] Load product - MG_BabyTerra
2018-02-21 17:00:45 [info] Load product - PETS_PetShop
2018-02-21 17:00:45 [info] Load product - BLA_MorozKofe
2018-02-21 17:00:45 [info] Load product - ORH_Mrmag
2018-02-21 17:00:45 [info] Load product - PL_Pleer
2018-02-21 17:00:45 [info] Load product - TORG_Mail
2018-02-21 17:00:45 [info] Load product - ZU_StayerInstrument
2018-02-21 17:00:45 [info] Load product - CIT_CitiLink
2018-02-21 17:00:45 [info] Load product - EL_Elgal
2018-02-21 17:00:45 [info] Load product - LUM_Lumis
2018-02-21 17:00:45 [info] Load product - STA_Stal
2018-02-21 17:00:45 [info] Load product - ME_Merlion
2018-02-21 17:00:45 [info] Load product - TORG2_TradeDesign
2018-02-21 17:00:45 [info] Load product - OR_Optvideo
2018-02-21 17:00:45 [info] Load product - OnlTr_OnlineTrade
2018-02-21 17:00:45 [info] Load product - ZTU_Tursportopt
2018-02-21 17:00:45 [info] Load product - PL_Satom
2018-02-21 17:00:45 [info] Load product - ORH_Oreht
2018-02-21 17:00:45 [info] Load product - ZOOS_KotyaShop
2018-02-21 17:00:45 [info] Load product - BL_AmadeusBt
2018-02-21 17:00:45 [info] Load product - ZU_Zubr36
2018-02-21 17:00:45 [info] Load product - BLA_GidroShop
2018-02-21 17:00:45 [info] Load product - BL_GidroShop
2018-02-21 17:00:45 [info] Load product - BLA_Vannam
2018-02-21 17:00:45 [info] Load product - ELPAK_RelefOpt
2018-02-21 17:00:45 [info] Load product - BL_MorozKofe
2018-02-21 17:05:28 [info] Handshake. MAC address ec:8e:b5:10:65:38.0
2018-02-21 17:05:28 [info] Load product - ORH_Mrmag
2018-02-21 17:05:28 [info] Load product - ZTU_Zatumanom
2018-02-21 17:05:28 [info] Load product - MC_McTrade
2018-02-21 17:05:28 [info] Load product - BL_MorozKofe
2018-02-21 17:05:28 [info] Load product - MG_BabyTerra
2018-02-21 17:05:28 [info] Load product - BLA_MorozKofe
2018-02-21 17:05:28 [info] Load product - PL_Pleer
2018-02-21 17:05:28 [info] Load product - PETS_PetShop
2018-02-21 17:05:28 [info] Load product - CIT_CitiLink
2018-02-21 17:05:28 [info] Load product - ZU_StayerInstrument
2018-02-21 17:05:28 [info] Load product - EL_Elgal
2018-02-21 17:05:28 [info] Load product - LUM_Lumis
2018-02-21 17:05:28 [info] Load product - TORG_Mail
2018-02-21 17:05:28 [info] Load product - STA_Stal
2018-02-21 17:05:28 [info] Load product - ME_Merlion
2018-02-21 17:05:28 [info] Load product - OR_Optvideo
2018-02-21 17:05:28 [info] Load product - TORG2_TradeDesign
2018-02-21 17:05:28 [info] Load product - OnlTr_OnlineTrade
2018-02-21 17:05:28 [info] Load product - PL_Satom
2018-02-21 17:05:28 [info] Load product - ZTU_Tursportopt
2018-02-21 17:05:28 [info] Load product - ORH_Oreht
2018-02-21 17:05:28 [info] Load product - ZOOS_KotyaShop
2018-02-21 17:05:28 [info] Load product - ZU_Zubr36
2018-02-21 17:05:28 [info] Load product - BL_AmadeusBt
2018-02-21 17:05:28 [info] Load product - BLA_GidroShop
2018-02-21 17:05:28 [info] Load product - BL_GidroShop
2018-02-21 17:05:28 [info] Load product - ELPAK_RelefOpt
2018-02-21 17:05:28 [info] Load product - BLA_Vannam
2018-02-21 17:06:15 [info] Handshake. MAC address ec:8e:b5:10:65:38.0
2018-02-21 17:06:15 [info] Load product - MC_McTrade
2018-02-21 17:06:15 [info] Load product - ORH_Mrmag
2018-02-21 17:06:15 [info] Load product - ZTU_Zatumanom
2018-02-21 17:06:15 [info] Load product - BL_MorozKofe
2018-02-21 17:06:15 [info] Load product - MG_BabyTerra
2018-02-21 17:06:15 [info] Load product - BLA_MorozKofe
2018-02-21 17:06:15 [info] Load product - PETS_PetShop
2018-02-21 17:06:15 [info] Load product - PL_Pleer
2018-02-21 17:06:15 [info] Load product - CIT_CitiLink
2018-02-21 17:06:15 [info] Load product - TORG_Mail
2018-02-21 17:06:15 [info] Load product - ZU_StayerInstrument
2018-02-21 17:06:15 [info] Load product - EL_Elgal
2018-02-21 17:06:15 [info] Load product - STA_Stal
2018-02-21 17:06:15 [info] Load product - ME_Merlion
2018-02-21 17:06:15 [info] Load product - LUM_Lumis
2018-02-21 17:06:15 [info] Load product - TORG2_TradeDesign
2018-02-21 17:06:15 [info] Load product - OR_Optvideo
2018-02-21 17:06:15 [info] Load product - OnlTr_OnlineTrade
2018-02-21 17:06:15 [info] Load product - PL_Satom
2018-02-21 17:06:15 [info] Load product - ZTU_Tursportopt
2018-02-21 17:06:15 [info] Load product - ZOOS_KotyaShop
2018-02-21 17:06:15 [info] Load product - BL_AmadeusBt
2018-02-21 17:06:15 [info] Load product - ORH_Oreht
2018-02-21 17:06:15 [info] Load product - BL_GidroShop
2018-02-21 17:06:15 [info] Load product - ZU_Zubr36
2018-02-21 17:06:15 [info] Load product - BLA_GidroShop
2018-02-21 17:06:15 [info] Load product - BLA_Vannam
2018-02-21 17:06:15 [info] Load product - ELPAK_RelefOpt
2018-02-21 17:09:34 [info] Handshake. MAC address ec:8e:b5:10:65:38.0
2018-02-21 17:09:35 [info] Load product - ZTU_Zatumanom
2018-02-21 17:09:35 [info] Load product - MG_BabyTerra
2018-02-21 17:09:35 [info] Load product - BL_MorozKofe
2018-02-21 17:09:35 [info] Load product - MC_McTrade
2018-02-21 17:09:35 [info] Load product - ORH_Mrmag
2018-02-21 17:09:35 [info] Load product - BLA_MorozKofe
2018-02-21 17:09:35 [info] Load product - PETS_PetShop
2018-02-21 17:09:35 [info] Load product - PL_Pleer
2018-02-21 17:09:36 [info] Load product - CIT_CitiLink
2018-02-21 17:09:36 [info] Load product - TORG_Mail
2018-02-21 17:09:36 [info] Load product - ZU_StayerInstrument
2018-02-21 17:09:36 [info] Load product - EL_Elgal
2018-02-21 17:09:36 [info] Load product - LUM_Lumis
2018-02-21 17:09:36 [info] Load product - STA_Stal
2018-02-21 17:09:36 [info] Load product - ME_Merlion
2018-02-21 17:09:36 [info] Load product - TORG2_TradeDesign
2018-02-21 17:09:36 [info] Load product - OR_Optvideo
2018-02-21 17:09:36 [info] Load product - OnlTr_OnlineTrade
2018-02-21 17:09:36 [info] Load product - PL_Satom
2018-02-21 17:09:36 [info] Load product - ZTU_Tursportopt
2018-02-21 17:09:36 [info] Load product - ORH_Oreht
2018-02-21 17:09:36 [info] Load product - ZOOS_KotyaShop
2018-02-21 17:09:36 [info] Load product - BL_AmadeusBt
2018-02-21 17:09:36 [info] Load product - BL_GidroShop
2018-02-21 17:09:36 [info] Load product - BLA_GidroShop
2018-02-21 17:09:36 [info] Load product - BLA_Vannam
2018-02-21 17:09:36 [info] Load product - ELPAK_RelefOpt
2018-02-21 17:09:36 [info] Load product - ZU_Zubr36
2018-02-21 17:10:27 [info] Handshake. MAC address ec:8e:b5:10:65:38.0
2018-02-21 17:10:27 [info] Load product - MC_McTrade
2018-02-21 17:10:27 [info] Load product - MG_BabyTerra
2018-02-21 17:10:27 [info] Load product - ZTU_Zatumanom
2018-02-21 17:10:27 [info] Load product - BL_MorozKofe
2018-02-21 17:10:27 [info] Load product - BLA_MorozKofe
2018-02-21 17:10:27 [info] Load product - PETS_PetShop
2018-02-21 17:10:27 [info] Load product - PL_Pleer
2018-02-21 17:10:27 [info] Load product - CIT_CitiLink
2018-02-21 17:10:27 [info] Load product - TORG_Mail
2018-02-21 17:10:27 [info] Load product - ZU_StayerInstrument
2018-02-21 17:10:27 [info] Load product - EL_Elgal
2018-02-21 17:10:27 [info] Load product - LUM_Lumis
2018-02-21 17:10:27 [info] Load product - ME_Merlion
2018-02-21 17:10:27 [info] Load product - STA_Stal
2018-02-21 17:10:27 [info] Load product - OR_Optvideo
2018-02-21 17:10:27 [info] Load product - TORG2_TradeDesign
2018-02-21 17:10:27 [info] Load product - PL_Satom
2018-02-21 17:10:27 [info] Load product - OnlTr_OnlineTrade
2018-02-21 17:10:27 [info] Load product - ZTU_Tursportopt
2018-02-21 17:10:27 [info] Load product - ZOOS_KotyaShop
2018-02-21 17:10:27 [info] Load product - BL_AmadeusBt
2018-02-21 17:10:27 [info] Load product - BL_GidroShop
2018-02-21 17:10:27 [info] Load product - ORH_Oreht
2018-02-21 17:10:27 [info] Load product - BLA_Vannam
2018-02-21 17:10:27 [info] Load product - ELPAK_RelefOpt
2018-02-21 17:10:27 [info] Load product - BLA_GidroShop
2018-02-21 17:10:27 [info] Load product - ZU_Zubr36
2018-02-21 17:10:27 [info] Load product - ORH_Mrmag
2018-02-21 17:11:27 [info] Response product data to server
2018-02-21 17:12:27 [info] Response product data to server
2018-02-21 17:12:39 [info] Handshake. MAC address ec:8e:b5:10:65:38.0
2018-02-21 17:12:39 [info] Load product - BL_MorozKofe
2018-02-21 17:12:39 [info] Load product - BLA_MorozKofe
2018-02-21 17:12:39 [info] Load product - PETS_PetShop
2018-02-21 17:12:39 [info] Load product - PL_Pleer
2018-02-21 17:12:39 [info] Load product - TORG_Mail
2018-02-21 17:12:39 [info] Load product - ZU_StayerInstrument
2018-02-21 17:12:39 [info] Load product - EL_Elgal
2018-02-21 17:12:39 [info] Load product - LUM_Lumis
2018-02-21 17:12:39 [info] Load product - MG_BabyTerra
2018-02-21 17:12:39 [info] Load product - ME_Merlion
2018-02-21 17:12:39 [info] Load product - OR_Optvideo
2018-02-21 17:12:39 [info] Load product - STA_Stal
2018-02-21 17:12:39 [info] Load product - TORG2_TradeDesign
2018-02-21 17:12:39 [info] Load product - OnlTr_OnlineTrade
2018-02-21 17:12:39 [info] Load product - ZTU_Tursportopt
2018-02-21 17:12:39 [info] Load product - ORH_Oreht
2018-02-21 17:12:39 [info] Load product - ZOOS_KotyaShop
2018-02-21 17:12:39 [info] Load product - BL_AmadeusBt
2018-02-21 17:12:40 [info] Load product - BLA_GidroShop
2018-02-21 17:12:40 [info] Load product - BLA_Vannam
2018-02-21 17:12:40 [info] Load product - PL_Satom
2018-02-21 17:12:40 [info] Load product - ELPAK_RelefOpt
2018-02-21 17:12:40 [info] Load product - BL_GidroShop
2018-02-21 17:12:40 [info] Load product - ZU_Zubr36
2018-02-21 17:12:40 [info] Load product - ORH_Mrmag
2018-02-21 17:12:40 [info] Load product - MC_McTrade
2018-02-21 17:12:40 [info] Load product - ZTU_Zatumanom
2018-02-21 17:13:39 [info] Response product data to server
2018-02-21 17:14:23 [info] Handshake. MAC address ec:8e:b5:10:65:38.0
2018-02-21 17:14:23 [info] Load product - MG_BabyTerra
2018-02-21 17:14:23 [info] Load product - BL_MorozKofe
2018-02-21 17:14:23 [info] Load product - ZTU_Zatumanom
2018-02-21 17:14:23 [info] Load product - MC_McTrade
2018-02-21 17:14:23 [info] Load product - ORH_Mrmag
2018-02-21 17:14:23 [info] Load product - BLA_MorozKofe
2018-02-21 17:14:23 [info] Load product - PETS_PetShop
2018-02-21 17:14:23 [info] Load product - ZU_StayerInstrument
2018-02-21 17:14:23 [info] Load product - PL_Pleer
2018-02-21 17:14:23 [info] Load product - TORG_Mail
2018-02-21 17:14:23 [info] Load product - EL_Elgal
2018-02-21 17:14:23 [info] Load product - ME_Merlion
2018-02-21 17:14:23 [info] Load product - STA_Stal
2018-02-21 17:14:23 [info] Load product - LUM_Lumis
2018-02-21 17:14:23 [info] Load product - TORG2_TradeDesign
2018-02-21 17:14:23 [info] Load product - PL_Satom
2018-02-21 17:14:23 [info] Load product - ORH_Oreht
2018-02-21 17:14:23 [info] Load product - ZTU_Tursportopt
2018-02-21 17:14:23 [info] Load product - OnlTr_OnlineTrade
2018-02-21 17:14:23 [info] Load product - OR_Optvideo
2018-02-21 17:14:23 [info] Load product - ZOOS_KotyaShop
2018-02-21 17:14:23 [info] Load product - BL_GidroShop
2018-02-21 17:14:23 [info] Load product - BLA_GidroShop
2018-02-21 17:14:23 [info] Load product - ZU_Zubr36
2018-02-21 17:14:23 [info] Load product - BLA_Vannam
2018-02-21 17:14:23 [info] Load product - BL_AmadeusBt
2018-02-21 17:14:23 [info] Load product - ELPAK_RelefOpt
2018-02-21 17:15:23 [info] Response product data to server
2018-02-21 17:16:23 [info] Response product data to server
2018-02-21 17:17:23 [info] Response product data to server
2018-02-21 17:18:23 [info] Response product data to server
2018-02-21 17:21:38 [info] Handshake. MAC address ec:8e:b5:10:65:38.0
2018-02-21 17:21:39 [info] Load product - BLA_MorozKofe
2018-02-21 17:21:39 [info] Load product - MC_McTrade
2018-02-21 17:21:39 [info] Load product - ORH_Mrmag
2018-02-21 17:21:39 [info] Load product - ZTU_Zatumanom
2018-02-21 17:21:39 [info] Load product - MG_BabyTerra
2018-02-21 17:21:39 [info] Load product - BL_MorozKofe
2018-02-21 17:21:39 [info] Load product - PETS_PetShop
2018-02-21 17:21:39 [info] Load product - ZU_StayerInstrument
2018-02-21 17:21:39 [info] Load product - PL_Pleer
2018-02-21 17:21:39 [info] Load product - LUM_Lumis
2018-02-21 17:21:39 [info] Load product - ME_Merlion
2018-02-21 17:21:39 [info] Load product - TORG_Mail
2018-02-21 17:21:39 [info] Load product - EL_Elgal
2018-02-21 17:21:39 [info] Load product - STA_Stal
2018-02-21 17:21:39 [info] Load product - TORG2_TradeDesign
2018-02-21 17:21:39 [info] Load product - OR_Optvideo
2018-02-21 17:21:39 [info] Load product - PL_Satom
2018-02-21 17:21:39 [info] Load product - ZTU_Tursportopt
2018-02-21 17:21:39 [info] Load product - OnlTr_OnlineTrade
2018-02-21 17:21:39 [info] Load product - ZOOS_KotyaShop
2018-02-21 17:21:39 [info] Load product - ORH_Oreht
2018-02-21 17:21:39 [info] Load product - ZU_Zubr36
2018-02-21 17:21:39 [info] Load product - BL_AmadeusBt
2018-02-21 17:21:39 [info] Load product - BL_GidroShop
2018-02-21 17:21:39 [info] Load product - BLA_GidroShop
2018-02-21 17:21:39 [info] Load product - BLA_Vannam
2018-02-21 17:21:39 [info] Load product - ELPAK_RelefOpt
2018-02-21 17:22:38 [info] Response product data to server
2018-02-21 17:23:38 [info] Response product data to server
2018-02-21 17:24:38 [info] Response product data to server
2018-02-21 17:25:38 [info] Response product data to server
2018-02-21 17:26:38 [info] Response product data to server
2018-02-21 17:27:38 [info] Response product data to server
2018-02-21 17:28:38 [info] Response product data to server
2018-02-21 17:29:20 [info] Handshake. MAC address ec:8e:b5:10:65:38.0
2018-02-21 17:29:20 [info] Load product - MC_McTrade
2018-02-21 17:29:20 [info] Load product - ZTU_Zatumanom
2018-02-21 17:29:20 [info] Load product - BL_MorozKofe
2018-02-21 17:29:20 [info] Load product - MG_BabyTerra
2018-02-21 17:29:20 [info] Load product - PETS_PetShop
2018-02-21 17:29:20 [info] Load product - BLA_MorozKofe
2018-02-21 17:29:20 [info] Load product - ORH_Mrmag
2018-02-21 17:29:20 [info] Load product - PL_Pleer
2018-02-21 17:29:20 [info] Load product - TORG_Mail
2018-02-21 17:29:20 [info] Load product - EL_Elgal
2018-02-21 17:29:20 [info] Load product - ZU_StayerInstrument
2018-02-21 17:29:20 [info] Load product - LUM_Lumis
2018-02-21 17:29:20 [info] Load product - STA_Stal
2018-02-21 17:29:20 [info] Load product - ME_Merlion
2018-02-21 17:29:20 [info] Load product - TORG2_TradeDesign
2018-02-21 17:29:20 [info] Load product - OR_Optvideo
2018-02-21 17:29:20 [info] Load product - ZTU_Tursportopt
2018-02-21 17:29:20 [info] Load product - PL_Satom
2018-02-21 17:29:20 [info] Load product - OnlTr_OnlineTrade
2018-02-21 17:29:20 [info] Load product - ORH_Oreht
2018-02-21 17:29:20 [info] Load product - ZOOS_KotyaShop
2018-02-21 17:29:20 [info] Load product - BL_AmadeusBt
2018-02-21 17:29:20 [info] Load product - BL_GidroShop
2018-02-21 17:29:20 [info] Load product - BLA_Vannam
2018-02-21 17:29:20 [info] Load product - ZU_Zubr36
2018-02-21 17:29:20 [info] Load product - BLA_GidroShop
2018-02-21 17:29:20 [info] Load product - ELPAK_RelefOpt
2018-02-21 17:30:20 [info] Handshake. MAC address ec:8e:b5:10:65:38.0
2018-02-21 17:30:20 [info] Load product - BL_MorozKofe
2018-02-21 17:30:20 [info] Load product - MG_BabyTerra
2018-02-21 17:30:20 [info] Load product - PETS_PetShop
2018-02-21 17:30:20 [info] Load product - MC_McTrade
2018-02-21 17:30:20 [info] Load product - BLA_MorozKofe
2018-02-21 17:30:20 [info] Load product - PL_Pleer
2018-02-21 17:30:20 [info] Load product - TORG_Mail
2018-02-21 17:30:20 [info] Load product - ZU_StayerInstrument
2018-02-21 17:30:20 [info] Load product - EL_Elgal
2018-02-21 17:30:20 [info] Load product - ME_Merlion
2018-02-21 17:30:20 [info] Load product - LUM_Lumis
2018-02-21 17:30:20 [info] Load product - ORH_Mrmag
2018-02-21 17:30:20 [info] Load product - OR_Optvideo
2018-02-21 17:30:20 [info] Load product - TORG2_TradeDesign
2018-02-21 17:30:20 [info] Load product - STA_Stal
2018-02-21 17:30:20 [info] Load product - OnlTr_OnlineTrade
2018-02-21 17:30:20 [info] Load product - PL_Satom
2018-02-21 17:30:20 [info] Load product - ZTU_Tursportopt
2018-02-21 17:30:20 [info] Load product - ORH_Oreht
2018-02-21 17:30:20 [info] Load product - ZOOS_KotyaShop
2018-02-21 17:30:20 [info] Load product - BL_AmadeusBt
2018-02-21 17:30:20 [info] Load product - BL_GidroShop
2018-02-21 17:30:20 [info] Load product - ZU_Zubr36
2018-02-21 17:30:20 [info] Load product - ELPAK_RelefOpt
2018-02-21 17:30:20 [info] Load product - BLA_GidroShop
2018-02-21 17:30:20 [info] Load product - ZTU_Zatumanom
2018-02-21 17:30:20 [info] Load product - BLA_Vannam
2018-02-21 17:30:52 [info] Handshake. MAC address ec:8e:b5:10:65:38.0
2018-02-21 17:30:53 [info] Load product - ZTU_Zatumanom
2018-02-21 17:30:53 [info] Load product - ORH_Mrmag
2018-02-21 17:30:53 [info] Load product - MC_McTrade
2018-02-21 17:30:53 [info] Load product - MG_BabyTerra
2018-02-21 17:30:53 [info] Load product - BL_MorozKofe
2018-02-21 17:30:53 [info] Load product - BLA_MorozKofe
2018-02-21 17:30:53 [info] Load product - PETS_PetShop
2018-02-21 17:30:53 [info] Load product - TORG_Mail
2018-02-21 17:30:53 [info] Load product - PL_Pleer
2018-02-21 17:30:53 [info] Load product - ZU_StayerInstrument
2018-02-21 17:30:53 [info] Load product - EL_Elgal
2018-02-21 17:30:53 [info] Load product - LUM_Lumis
2018-02-21 17:30:53 [info] Load product - ME_Merlion
2018-02-21 17:30:53 [info] Load product - STA_Stal
2018-02-21 17:30:53 [info] Load product - OR_Optvideo
2018-02-21 17:30:53 [info] Load product - TORG2_TradeDesign
2018-02-21 17:30:53 [info] Load product - PL_Satom
2018-02-21 17:30:53 [info] Load product - OnlTr_OnlineTrade
2018-02-21 17:30:53 [info] Load product - ZTU_Tursportopt
2018-02-21 17:30:53 [info] Load product - ORH_Oreht
2018-02-21 17:30:53 [info] Load product - ZOOS_KotyaShop
2018-02-21 17:30:53 [info] Load product - BL_AmadeusBt
2018-02-21 17:30:53 [info] Load product - BL_GidroShop
2018-02-21 17:30:53 [info] Load product - ZU_Zubr36
2018-02-21 17:30:53 [info] Load product - BLA_GidroShop
2018-02-21 17:30:53 [info] Load product - BLA_Vannam
2018-02-21 17:30:53 [info] Load product - ELPAK_RelefOpt
2018-02-21 17:32:06 [info] Handshake. MAC address ec:8e:b5:10:65:38.0
2018-02-21 17:32:06 [info] Load product - MC_McTrade
2018-02-21 17:32:06 [info] Load product - BL_MorozKofe
2018-02-21 17:32:06 [info] Load product - ORH_Mrmag
2018-02-21 17:32:06 [info] Load product - ZTU_Zatumanom
2018-02-21 17:32:06 [info] Load product - MG_BabyTerra
2018-02-21 17:32:06 [info] Load product - BLA_MorozKofe
2018-02-21 17:32:06 [info] Load product - TORG_Mail
2018-02-21 17:32:06 [info] Load product - PETS_PetShop
2018-02-21 17:32:06 [info] Load product - PL_Pleer
2018-02-21 17:32:06 [info] Load product - ZU_StayerInstrument
2018-02-21 17:32:06 [info] Load product - LUM_Lumis
2018-02-21 17:32:06 [info] Load product - EL_Elgal
2018-02-21 17:32:06 [info] Load product - ME_Merlion
2018-02-21 17:32:06 [info] Load product - STA_Stal
2018-02-21 17:32:06 [info] Load product - TORG2_TradeDesign
2018-02-21 17:32:06 [info] Load product - OR_Optvideo
2018-02-21 17:32:06 [info] Load product - PL_Satom
2018-02-21 17:32:06 [info] Load product - OnlTr_OnlineTrade
2018-02-21 17:32:06 [info] Load product - ZTU_Tursportopt
2018-02-21 17:32:06 [info] Load product - ORH_Oreht
2018-02-21 17:32:06 [info] Load product - BL_AmadeusBt
2018-02-21 17:32:06 [info] Load product - ZOOS_KotyaShop
2018-02-21 17:32:06 [info] Load product - ZU_Zubr36
2018-02-21 17:32:06 [info] Load product - BLA_Vannam
2018-02-21 17:32:06 [info] Load product - BL_GidroShop
2018-02-21 17:32:06 [info] Load product - BLA_GidroShop
2018-02-21 17:32:06 [info] Load product - ELPAK_RelefOpt
2018-02-21 17:33:06 [info] Response product data to server
2018-02-21 17:34:06 [info] Response product data to server
2018-02-21 17:35:06 [info] Response product data to server
2018-02-21 17:36:06 [info] Response product data to server
2018-02-21 17:37:06 [info] Response product data to server
2018-02-21 17:38:06 [info] Response product data to server
2018-02-21 17:39:06 [info] Response product data to server
2018-02-21 17:40:06 [info] Response product data to server
2018-02-21 17:41:06 [info] Response product data to server
2018-02-21 17:42:06 [info] Response product data to server
2018-02-21 17:43:06 [info] Response product data to server
2018-02-21 17:44:06 [info] Response product data to server
2018-02-21 17:52:37 [info] Handshake. MAC address ec:8e:b5:10:65:38.0
2018-02-21 17:52:37 [info] Load product - MC_McTrade
2018-02-21 17:52:37 [info] Load product - ZTU_Zatumanom
2018-02-21 17:52:37 [info] Load product - BL_MorozKofe
2018-02-21 17:52:37 [info] Load product - BLA_MorozKofe
2018-02-21 17:52:37 [info] Load product - PETS_PetShop
2018-02-21 17:52:37 [info] Load product - PL_Pleer
2018-02-21 17:52:37 [info] Load product - TORG_Mail
2018-02-21 17:52:37 [info] Load product - MG_BabyTerra
2018-02-21 17:52:37 [info] Load product - ZU_StayerInstrument
2018-02-21 17:52:37 [info] Load product - EL_Elgal
2018-02-21 17:52:37 [info] Load product - LUM_Lumis
2018-02-21 17:52:37 [info] Load product - STA_Stal
2018-02-21 17:52:37 [info] Load product - ME_Merlion
2018-02-21 17:52:37 [info] Load product - TORG2_TradeDesign
2018-02-21 17:52:37 [info] Load product - OR_Optvideo
2018-02-21 17:52:37 [info] Load product - ORH_Mrmag
2018-02-21 17:52:37 [info] Load product - OnlTr_OnlineTrade
2018-02-21 17:52:37 [info] Load product - ZTU_Tursportopt
2018-02-21 17:52:37 [info] Load product - ORH_Oreht
2018-02-21 17:52:37 [info] Load product - PL_Satom
2018-02-21 17:52:37 [info] Load product - ZOOS_KotyaShop
2018-02-21 17:52:37 [info] Load product - BL_AmadeusBt
2018-02-21 17:52:37 [info] Load product - ZU_Zubr36
2018-02-21 17:52:37 [info] Load product - BLA_GidroShop
2018-02-21 17:52:37 [info] Load product - BLA_Vannam
2018-02-21 17:52:37 [info] Load product - BL_GidroShop
2018-02-21 17:52:37 [info] Load product - ELPAK_RelefOpt
2018-02-21 18:01:06 [info] Handshake. MAC address ec:8e:b5:10:65:38.0
2018-02-21 18:01:06 [info] Load product - ZTU_Zatumanom
2018-02-21 18:01:06 [info] Load product - ORH_Mrmag
2018-02-21 18:01:06 [info] Load product - MC_McTrade
2018-02-21 18:01:06 [info] Load product - BL_MorozKofe
2018-02-21 18:01:06 [info] Load product - MG_BabyTerra
2018-02-21 18:01:06 [info] Load product - BLA_MorozKofe
2018-02-21 18:01:06 [info] Load product - PL_Pleer
2018-02-21 18:01:06 [info] Load product - TORG_Mail
2018-02-21 18:01:06 [info] Load product - LUM_Lumis
2018-02-21 18:01:06 [info] Load product - STA_Stal
2018-02-21 18:01:06 [info] Load product - PETS_PetShop
2018-02-21 18:01:06 [info] Load product - ME_Merlion
2018-02-21 18:01:06 [info] Load product - ZU_StayerInstrument
2018-02-21 18:01:06 [info] Load product - OR_Optvideo
2018-02-21 18:01:06 [info] Load product - TORG2_TradeDesign
2018-02-21 18:01:06 [info] Load product - EL_Elgal
2018-02-21 18:01:06 [info] Load product - PL_Satom
2018-02-21 18:01:06 [info] Load product - OnlTr_OnlineTrade
2018-02-21 18:01:06 [info] Load product - ORH_Oreht
2018-02-21 18:01:06 [info] Load product - ZTU_Tursportopt
2018-02-21 18:01:06 [info] Load product - BL_AmadeusBt
2018-02-21 18:01:06 [info] Load product - ZOOS_KotyaShop
2018-02-21 18:01:06 [info] Load product - BLA_GidroShop
2018-02-21 18:01:06 [info] Load product - BLA_Vannam
2018-02-21 18:01:06 [info] Load product - ELPAK_RelefOpt
2018-02-21 18:01:06 [info] Load product - ZU_Zubr36
2018-02-21 18:01:06 [info] Load product - BL_GidroShop
2018-02-21 18:02:29 [info] Handshake. MAC address ec:8e:b5:10:65:38.0
2018-02-21 18:02:30 [info] Load product - MC_McTrade
2018-02-21 18:02:30 [info] Load product - BLA_MorozKofe
2018-02-21 18:02:30 [info] Load product - PETS_PetShop
2018-02-21 18:02:30 [info] Load product - PL_Pleer
2018-02-21 18:02:30 [info] Load product - TORG_Mail
2018-02-21 18:02:30 [info] Load product - ZU_StayerInstrument
2018-02-21 18:02:30 [info] Load product - LUM_Lumis
2018-02-21 18:02:30 [info] Load product - MG_BabyTerra
2018-02-21 18:02:30 [info] Load product - STA_Stal
2018-02-21 18:02:30 [info] Load product - EL_Elgal
2018-02-21 18:02:30 [info] Load product - ME_Merlion
2018-02-21 18:02:30 [info] Load product - ORH_Mrmag
2018-02-21 18:02:30 [info] Load product - OR_Optvideo
2018-02-21 18:02:30 [info] Load product - OnlTr_OnlineTrade
2018-02-21 18:02:30 [info] Load product - ZTU_Tursportopt
2018-02-21 18:02:30 [info] Load product - ZOOS_KotyaShop
2018-02-21 18:02:30 [info] Load product - PL_Satom
2018-02-21 18:02:30 [info] Load product - ORH_Oreht
2018-02-21 18:02:30 [info] Load product - BL_AmadeusBt
2018-02-21 18:02:30 [info] Load product - ZU_Zubr36
2018-02-21 18:02:30 [info] Load product - BL_GidroShop
2018-02-21 18:02:30 [info] Load product - BLA_GidroShop
2018-02-21 18:02:30 [info] Load product - BLA_Vannam
2018-02-21 18:02:30 [info] Load product - ZTU_Zatumanom
2018-02-21 18:02:30 [info] Load product - TORG2_TradeDesign
2018-02-21 18:02:30 [info] Load product - BL_MorozKofe
2018-02-21 18:02:30 [info] Load product - ELPAK_RelefOpt
2018-02-21 18:09:29 [info] Handshake. MAC address ec:8e:b5:10:65:38.0
2018-02-21 18:09:29 [info] Load product - ZTU_Zatumanom
2018-02-21 18:09:29 [info] Load product - BL_MorozKofe
2018-02-21 18:09:29 [info] Load product - MC_McTrade
2018-02-21 18:09:29 [info] Load product - MG_BabyTerra
2018-02-21 18:09:29 [info] Load product - BLA_MorozKofe
2018-02-21 18:09:29 [info] Load product - PL_Pleer
2018-02-21 18:09:29 [info] Load product - TORG_Mail
2018-02-21 18:09:29 [info] Load product - PETS_PetShop
2018-02-21 18:09:29 [info] Load product - ZU_StayerInstrument
2018-02-21 18:09:29 [info] Load product - EL_Elgal
2018-02-21 18:09:29 [info] Load product - LUM_Lumis
2018-02-21 18:09:29 [info] Load product - STA_Stal
2018-02-21 18:09:29 [info] Load product - ME_Merlion
2018-02-21 18:09:29 [info] Load product - TORG2_TradeDesign
2018-02-21 18:09:29 [info] Load product - OR_Optvideo
2018-02-21 18:09:29 [info] Load product - OnlTr_OnlineTrade
2018-02-21 18:09:29 [info] Load product - ZTU_Tursportopt
2018-02-21 18:09:29 [info] Load product - PL_Satom
2018-02-21 18:09:29 [info] Load product - ORH_Oreht
2018-02-21 18:09:29 [info] Load product - ZOOS_KotyaShop
2018-02-21 18:09:29 [info] Load product - BL_AmadeusBt
2018-02-21 18:09:29 [info] Load product - BL_GidroShop
2018-02-21 18:09:29 [info] Load product - ORH_Mrmag
2018-02-21 18:09:29 [info] Load product - BLA_Vannam
2018-02-21 18:09:29 [info] Load product - BLA_GidroShop
2018-02-21 18:09:29 [info] Load product - ELPAK_RelefOpt
2018-02-21 18:09:29 [info] Load product - ZU_Zubr36
2018-02-21 18:10:29 [info] Response product data to server
2018-02-21 18:11:29 [info] Response product data to server
2018-02-21 18:12:29 [info] Response product data to server
2018-02-21 18:13:29 [info] Response product data to server
2018-02-21 18:14:29 [info] Response product data to server
2018-02-21 18:15:29 [info] Response product data to server
2018-02-21 18:16:48 [info] Handshake. MAC address ec:8e:b5:10:65:38.0
2018-02-21 18:16:48 [info] Load product - ZTU_Zatumanom
2018-02-21 18:16:48 [info] Load product - BL_MorozKofe
2018-02-21 18:16:48 [info] Load product - MG_BabyTerra
2018-02-21 18:16:48 [info] Load product - PETS_PetShop
2018-02-21 18:16:48 [info] Load product - BLA_MorozKofe
2018-02-21 18:16:48 [info] Load product - MC_McTrade
2018-02-21 18:16:48 [info] Load product - ZU_StayerInstrument
2018-02-21 18:16:48 [info] Load product - EL_Elgal
2018-02-21 18:16:48 [info] Load product - STA_Stal
2018-02-21 18:16:48 [info] Load product - LUM_Lumis
2018-02-21 18:16:48 [info] Load product - TORG_Mail
2018-02-21 18:16:48 [info] Load product - TORG2_TradeDesign
2018-02-21 18:16:48 [info] Load product - OR_Optvideo
2018-02-21 18:16:48 [info] Load product - ME_Merlion
2018-02-21 18:16:48 [info] Load product - OnlTr_OnlineTrade
2018-02-21 18:16:48 [info] Load product - ZTU_Tursportopt
2018-02-21 18:16:48 [info] Load product - ORH_Oreht
2018-02-21 18:16:48 [info] Load product - PL_Pleer
2018-02-21 18:16:48 [info] Load product - PL_Satom
2018-02-21 18:16:48 [info] Load product - ORH_Mrmag
2018-02-21 18:16:48 [info] Load product - BL_AmadeusBt
2018-02-21 18:16:48 [info] Load product - ZU_Zubr36
2018-02-21 18:16:48 [info] Load product - ZOOS_KotyaShop
2018-02-21 18:16:48 [info] Load product - BLA_Vannam
2018-02-21 18:16:48 [info] Load product - BLA_GidroShop
2018-02-21 18:16:48 [info] Load product - ELPAK_RelefOpt
2018-02-21 18:16:48 [info] Load product - BL_GidroShop
2018-02-21 18:17:43 [info] Handshake. MAC address ec:8e:b5:10:65:38.0
2018-02-21 18:17:44 [info] Load product - ORH_Mrmag
2018-02-21 18:17:44 [info] Load product - ZTU_Zatumanom
2018-02-21 18:17:44 [info] Load product - MC_McTrade
2018-02-21 18:17:44 [info] Load product - BL_MorozKofe
2018-02-21 18:17:44 [info] Load product - MG_BabyTerra
2018-02-21 18:17:44 [info] Load product - BLA_MorozKofe
2018-02-21 18:17:44 [info] Load product - PETS_PetShop
2018-02-21 18:17:44 [info] Load product - PL_Pleer
2018-02-21 18:17:44 [info] Load product - TORG_Mail
2018-02-21 18:17:44 [info] Load product - ZU_StayerInstrument
2018-02-21 18:17:44 [info] Load product - EL_Elgal
2018-02-21 18:17:44 [info] Load product - LUM_Lumis
2018-02-21 18:17:44 [info] Load product - STA_Stal
2018-02-21 18:17:44 [info] Load product - ME_Merlion
2018-02-21 18:17:44 [info] Load product - TORG2_TradeDesign
2018-02-21 18:17:44 [info] Load product - OR_Optvideo
2018-02-21 18:17:44 [info] Load product - OnlTr_OnlineTrade
2018-02-21 18:17:44 [info] Load product - PL_Satom
2018-02-21 18:17:44 [info] Load product - ZTU_Tursportopt
2018-02-21 18:17:44 [info] Load product - ORH_Oreht
2018-02-21 18:17:44 [info] Load product - ZOOS_KotyaShop
2018-02-21 18:17:44 [info] Load product - BL_AmadeusBt
2018-02-21 18:17:44 [info] Load product - ZU_Zubr36
2018-02-21 18:17:44 [info] Load product - BL_GidroShop
2018-02-21 18:17:44 [info] Load product - BLA_GidroShop
2018-02-21 18:17:44 [info] Load product - BLA_Vannam
2018-02-21 18:17:44 [info] Load product - ELPAK_RelefOpt
2018-02-21 18:18:43 [info] Response product data to server
2018-02-21 18:19:43 [info] Response product data to server
2018-02-21 18:20:43 [info] Response product data to server
2018-02-21 18:21:43 [info] Response product data to server
2018-02-21 18:22:43 [info] Response product data to server
2018-02-21 18:23:43 [info] Response product data to server
2018-02-21 18:24:43 [info] Response product data to server
2018-02-21 18:25:43 [info] Response product data to server
2018-02-21 18:26:43 [info] Response product data to server
2018-02-21 18:27:43 [info] Response product data to server
2018-02-21 18:28:43 [info] Response product data to server
2018-02-21 18:29:44 [info] Response product data to server
2018-02-21 18:35:11 [info] Handshake. MAC address ec:8e:b5:10:65:38.0
2018-02-21 18:35:12 [info] Load product - MC_McTrade
2018-02-21 18:35:12 [info] Load product - MG_BabyTerra
2018-02-21 18:35:12 [info] Load product - BLA_MorozKofe
2018-02-21 18:35:12 [info] Load product - ORH_Mrmag
2018-02-21 18:35:12 [info] Load product - PETS_PetShop
2018-02-21 18:35:12 [info] Load product - ZU_StayerInstrument
2018-02-21 18:35:12 [info] Load product - TORG_Mail
2018-02-21 18:35:12 [info] Load product - EL_Elgal
2018-02-21 18:35:12 [info] Load product - LUM_Lumis
2018-02-21 18:35:12 [info] Load product - STA_Stal
2018-02-21 18:35:12 [info] Load product - ME_Merlion
2018-02-21 18:35:12 [info] Load product - TORG2_TradeDesign
2018-02-21 18:35:12 [info] Load product - OR_Optvideo
2018-02-21 18:35:12 [info] Load product - OnlTr_OnlineTrade
2018-02-21 18:35:12 [info] Load product - PL_Pleer
2018-02-21 18:35:12 [info] Load product - PL_Satom
2018-02-21 18:35:12 [info] Load product - ZTU_Tursportopt
2018-02-21 18:35:12 [info] Load product - ORH_Oreht
2018-02-21 18:35:12 [info] Load product - ZOOS_KotyaShop
2018-02-21 18:35:12 [info] Load product - BL_AmadeusBt
2018-02-21 18:35:12 [info] Load product - ZU_Zubr36
2018-02-21 18:35:12 [info] Load product - BL_GidroShop
2018-02-21 18:35:12 [info] Load product - BLA_GidroShop
2018-02-21 18:35:12 [info] Load product - BLA_Vannam
2018-02-21 18:35:12 [info] Load product - BL_MorozKofe
2018-02-21 18:35:12 [info] Load product - ELPAK_RelefOpt
2018-02-21 18:35:12 [info] Load product - ZTU_Zatumanom
2018-02-21 18:36:05 [info] Handshake. MAC address ec:8e:b5:10:65:38.0
2018-02-21 18:36:05 [info] Load product - MC_McTrade
2018-02-21 18:36:05 [info] Load product - ORH_Mrmag
2018-02-21 18:36:05 [info] Load product - BL_MorozKofe
2018-02-21 18:36:05 [info] Load product - ZTU_Zatumanom
2018-02-21 18:36:05 [info] Load product - MG_BabyTerra
2018-02-21 18:36:05 [info] Load product - BLA_MorozKofe
2018-02-21 18:36:05 [info] Load product - PETS_PetShop
2018-02-21 18:36:05 [info] Load product - PL_Pleer
2018-02-21 18:36:05 [info] Load product - ZU_StayerInstrument
2018-02-21 18:36:05 [info] Load product - TORG_Mail
2018-02-21 18:36:05 [info] Load product - EL_Elgal
2018-02-21 18:36:05 [info] Load product - STA_Stal
2018-02-21 18:36:05 [info] Load product - ME_Merlion
2018-02-21 18:36:05 [info] Load product - LUM_Lumis
2018-02-21 18:36:05 [info] Load product - TORG2_TradeDesign
2018-02-21 18:36:05 [info] Load product - OR_Optvideo
2018-02-21 18:36:05 [info] Load product - OnlTr_OnlineTrade
2018-02-21 18:36:05 [info] Load product - PL_Satom
2018-02-21 18:36:05 [info] Load product - ZTU_Tursportopt
2018-02-21 18:36:05 [info] Load product - ORH_Oreht
2018-02-21 18:36:05 [info] Load product - ZOOS_KotyaShop
2018-02-21 18:36:05 [info] Load product - ZU_Zubr36
2018-02-21 18:36:05 [info] Load product - BL_AmadeusBt
2018-02-21 18:36:05 [info] Load product - BL_GidroShop
2018-02-21 18:36:05 [info] Load product - BLA_GidroShop
2018-02-21 18:36:05 [info] Load product - BLA_Vannam
2018-02-21 18:36:05 [info] Load product - ELPAK_RelefOpt
2018-02-21 18:36:43 [info] Handshake. MAC address ec:8e:b5:10:65:38.0
2018-02-21 18:36:43 [info] Load product - ORH_Mrmag
2018-02-21 18:36:43 [info] Load product - ZTU_Zatumanom
2018-02-21 18:36:43 [info] Load product - MC_McTrade
2018-02-21 18:36:43 [info] Load product - BL_MorozKofe
2018-02-21 18:36:43 [info] Load product - MG_BabyTerra
2018-02-21 18:36:43 [info] Load product - BLA_MorozKofe
2018-02-21 18:36:43 [info] Load product - PETS_PetShop
2018-02-21 18:36:43 [info] Load product - PL_Pleer
2018-02-21 18:36:43 [info] Load product - TORG_Mail
2018-02-21 18:36:43 [info] Load product - ZU_StayerInstrument
2018-02-21 18:36:43 [info] Load product - EL_Elgal
2018-02-21 18:36:43 [info] Load product - LUM_Lumis
2018-02-21 18:36:43 [info] Load product - STA_Stal
2018-02-21 18:36:43 [info] Load product - TORG2_TradeDesign
2018-02-21 18:36:43 [info] Load product - ME_Merlion
2018-02-21 18:36:43 [info] Load product - OR_Optvideo
2018-02-21 18:36:43 [info] Load product - OnlTr_OnlineTrade
2018-02-21 18:36:43 [info] Load product - PL_Satom
2018-02-21 18:36:43 [info] Load product - ZTU_Tursportopt
2018-02-21 18:36:43 [info] Load product - ORH_Oreht
2018-02-21 18:36:43 [info] Load product - ZOOS_KotyaShop
2018-02-21 18:36:43 [info] Load product - ZU_Zubr36
2018-02-21 18:36:43 [info] Load product - BL_GidroShop
2018-02-21 18:36:43 [info] Load product - BLA_GidroShop
2018-02-21 18:36:43 [info] Load product - BL_AmadeusBt
2018-02-21 18:36:43 [info] Load product - ELPAK_RelefOpt
2018-02-21 18:36:43 [info] Load product - BLA_Vannam
2018-02-21 18:48:47 [info] Handshake. MAC address ec:8e:b5:10:65:38.2
2018-02-21 18:48:47 [info] Handshake. MAC address ec:8e:b5:10:65:38.1
2018-02-21 18:48:47 [info] Handshake. MAC address ec:8e:b5:10:65:38.4
2018-02-21 18:48:47 [info] Handshake. MAC address ec:8e:b5:10:65:38.3
2018-02-21 18:48:48 [info] Load product - ORH_Mrmag
2018-02-21 18:48:48 [info] Load product - ZTU_Zatumanom
2018-02-21 18:48:48 [info] Load product - MC_McTrade
2018-02-21 18:48:48 [info] Load product - BL_MorozKofe
2018-02-21 18:48:48 [info] Load product - MG_BabyTerra
2018-02-21 18:48:48 [info] Load product - BLA_MorozKofe
2018-02-21 18:48:48 [info] Load product - PETS_PetShop
2018-02-21 18:48:48 [info] Load product - PL_Pleer
2018-02-21 18:48:48 [info] Load product - TORG_Mail
2018-02-21 18:48:48 [info] Load product - ZU_StayerInstrument
2018-02-21 18:48:48 [info] Load product - EL_Elgal
2018-02-21 18:48:48 [info] Load product - LUM_Lumis
2018-02-21 18:48:48 [info] Load product - STA_Stal
2018-02-21 18:48:48 [info] Load product - ME_Merlion
2018-02-21 18:48:48 [info] Load product - TORG2_TradeDesign
2018-02-21 18:48:48 [info] Load product - OR_Optvideo
2018-02-21 18:48:48 [info] Load product - OnlTr_OnlineTrade
2018-02-21 18:48:48 [info] Load product - PL_Satom
2018-02-21 18:48:48 [info] Load product - ZTU_Tursportopt
2018-02-21 18:48:48 [info] Load product - ORH_Oreht
2018-02-21 18:48:48 [info] Load product - ZOOS_KotyaShop
2018-02-21 18:48:48 [info] Load product - BL_AmadeusBt
2018-02-21 18:48:48 [info] Load product - BL_GidroShop
2018-02-21 18:48:48 [info] Load product - BLA_GidroShop
2018-02-21 18:48:48 [info] Load product - BLA_Vannam
2018-02-21 18:48:48 [info] Load product - ELPAK_RelefOpt
2018-02-21 18:48:48 [info] Load product - ZU_Zubr36
2018-02-21 18:48:48 [info] Load product - ORH_Mrmag
2018-02-21 18:48:48 [info] Load product - ZTU_Zatumanom
2018-02-21 18:48:48 [info] Load product - MC_McTrade
2018-02-21 18:48:48 [info] Load product - BL_MorozKofe
2018-02-21 18:48:48 [info] Load product - BLA_MorozKofe
2018-02-21 18:48:48 [info] Load product - MG_BabyTerra
2018-02-21 18:48:48 [info] Load product - PETS_PetShop
2018-02-21 18:48:48 [info] Load product - PL_Pleer
2018-02-21 18:48:48 [info] Load product - TORG_Mail
2018-02-21 18:48:48 [info] Load product - ZU_StayerInstrument
2018-02-21 18:48:48 [info] Load product - EL_Elgal
2018-02-21 18:48:48 [info] Load product - LUM_Lumis
2018-02-21 18:48:48 [info] Load product - STA_Stal
2018-02-21 18:48:48 [info] Load product - ME_Merlion
2018-02-21 18:48:48 [info] Load product - TORG2_TradeDesign
2018-02-21 18:48:48 [info] Load product - OR_Optvideo
2018-02-21 18:48:48 [info] Load product - PL_Satom
2018-02-21 18:48:48 [info] Load product - OnlTr_OnlineTrade
2018-02-21 18:48:48 [info] Load product - ZTU_Tursportopt
2018-02-21 18:48:48 [info] Load product - ORH_Oreht
2018-02-21 18:48:48 [info] Load product - ZOOS_KotyaShop
2018-02-21 18:48:48 [info] Load product - BL_AmadeusBt
2018-02-21 18:48:48 [info] Load product - ZU_Zubr36
2018-02-21 18:48:48 [info] Load product - BL_GidroShop
2018-02-21 18:48:48 [info] Load product - BLA_GidroShop
2018-02-21 18:48:48 [info] Load product - BLA_Vannam
2018-02-21 18:48:48 [info] Load product - ELPAK_RelefOpt
2018-02-21 18:48:48 [info] Load product - ORH_Mrmag
2018-02-21 18:48:48 [info] Load product - MC_McTrade
2018-02-21 18:48:48 [info] Load product - ZTU_Zatumanom
2018-02-21 18:48:48 [info] Load product - BL_MorozKofe
2018-02-21 18:48:48 [info] Load product - MG_BabyTerra
2018-02-21 18:48:48 [info] Load product - BLA_MorozKofe
2018-02-21 18:48:48 [info] Load product - PETS_PetShop
2018-02-21 18:48:48 [info] Load product - PL_Pleer
2018-02-21 18:48:48 [info] Load product - TORG_Mail
2018-02-21 18:48:48 [info] Load product - ZU_StayerInstrument
2018-02-21 18:48:48 [info] Load product - EL_Elgal
2018-02-21 18:48:48 [info] Load product - LUM_Lumis
2018-02-21 18:48:48 [info] Load product - STA_Stal
2018-02-21 18:48:48 [info] Load product - ME_Merlion
2018-02-21 18:48:48 [info] Load product - TORG2_TradeDesign
2018-02-21 18:48:48 [info] Load product - OR_Optvideo
2018-02-21 18:48:48 [info] Load product - OnlTr_OnlineTrade
2018-02-21 18:48:48 [info] Load product - PL_Satom
2018-02-21 18:48:48 [info] Load product - ZTU_Tursportopt
2018-02-21 18:48:48 [info] Load product - ORH_Oreht
2018-02-21 18:48:48 [info] Load product - ZOOS_KotyaShop
2018-02-21 18:48:48 [info] Load product - BL_AmadeusBt
2018-02-21 18:48:48 [info] Load product - ZU_Zubr36
2018-02-21 18:48:48 [info] Load product - BL_GidroShop
2018-02-21 18:48:48 [info] Load product - BLA_GidroShop
2018-02-21 18:48:48 [info] Load product - BLA_Vannam
2018-02-21 18:48:48 [info] Load product - ELPAK_RelefOpt
2018-02-21 18:48:48 [info] Load product - ORH_Mrmag
2018-02-21 18:48:48 [info] Load product - ZTU_Zatumanom
2018-02-21 18:48:48 [info] Load product - MC_McTrade
2018-02-21 18:48:48 [info] Load product - BL_MorozKofe
2018-02-21 18:48:48 [info] Load product - MG_BabyTerra
2018-02-21 18:48:48 [info] Load product - BLA_MorozKofe
2018-02-21 18:48:48 [info] Load product - PETS_PetShop
2018-02-21 18:48:48 [info] Load product - PL_Pleer
2018-02-21 18:48:48 [info] Load product - TORG_Mail
2018-02-21 18:48:48 [info] Load product - ZU_StayerInstrument
2018-02-21 18:48:48 [info] Load product - EL_Elgal
2018-02-21 18:48:48 [info] Load product - LUM_Lumis
2018-02-21 18:48:48 [info] Load product - STA_Stal
2018-02-21 18:48:48 [info] Load product - ME_Merlion
2018-02-21 18:48:48 [info] Load product - OR_Optvideo
2018-02-21 18:48:48 [info] Load product - TORG2_TradeDesign
2018-02-21 18:48:48 [info] Load product - OnlTr_OnlineTrade
2018-02-21 18:48:48 [info] Load product - PL_Satom
2018-02-21 18:48:48 [info] Load product - ZTU_Tursportopt
2018-02-21 18:48:48 [info] Load product - ORH_Oreht
2018-02-21 18:48:48 [info] Load product - ZOOS_KotyaShop
2018-02-21 18:48:48 [info] Load product - BL_AmadeusBt
2018-02-21 18:48:48 [info] Load product - ZU_Zubr36
2018-02-21 18:48:48 [info] Load product - BL_GidroShop
2018-02-21 18:48:48 [info] Load product - BLA_GidroShop
2018-02-21 18:48:48 [info] Load product - BLA_Vannam
2018-02-21 18:48:48 [info] Load product - ELPAK_RelefOpt
2018-02-21 18:49:47 [info] Response product data to server
2018-02-21 18:49:47 [info] Response product data to server
2018-02-21 18:58:00 [info] Handshake. MAC address ec:8e:b5:10:65:38.4
2018-02-21 18:58:00 [info] Handshake. MAC address ec:8e:b5:10:65:38.4
2018-02-21 18:58:00 [info] Load product - ORH_Mrmag
2018-02-21 18:58:00 [info] Load product - ZTU_Zatumanom
2018-02-21 18:58:00 [info] Load product - MC_McTrade
2018-02-21 18:58:00 [info] Load product - BL_MorozKofe
2018-02-21 18:58:00 [info] Load product - BLA_MorozKofe
2018-02-21 18:58:00 [info] Load product - PETS_PetShop
2018-02-21 18:58:00 [info] Load product - MG_BabyTerra
2018-02-21 18:58:00 [info] Load product - PL_Pleer
2018-02-21 18:58:00 [info] Load product - TORG_Mail
2018-02-21 18:58:00 [info] Load product - ZU_StayerInstrument
2018-02-21 18:58:00 [info] Load product - EL_Elgal
2018-02-21 18:58:00 [info] Load product - LUM_Lumis
2018-02-21 18:58:00 [info] Load product - STA_Stal
2018-02-21 18:58:00 [info] Load product - ME_Merlion
2018-02-21 18:58:00 [info] Load product - TORG2_TradeDesign
2018-02-21 18:58:00 [info] Load product - OR_Optvideo
2018-02-21 18:58:00 [info] Load product - OnlTr_OnlineTrade
2018-02-21 18:58:00 [info] Load product - PL_Satom
2018-02-21 18:58:00 [info] Load product - ZTU_Tursportopt
2018-02-21 18:58:00 [info] Load product - ORH_Oreht
2018-02-21 18:58:00 [info] Load product - ZOOS_KotyaShop
2018-02-21 18:58:00 [info] Load product - BL_AmadeusBt
2018-02-21 18:58:00 [info] Load product - ZU_Zubr36
2018-02-21 18:58:00 [info] Load product - BL_GidroShop
2018-02-21 18:58:00 [info] Load product - BLA_GidroShop
2018-02-21 18:58:00 [info] Load product - BLA_Vannam
2018-02-21 18:58:00 [info] Handshake. MAC address ec:8e:b5:10:65:38.4
2018-02-21 18:58:00 [info] Load product - ELPAK_RelefOpt
2018-02-21 18:58:00 [info] Load product - ORH_Mrmag
2018-02-21 18:58:00 [info] Load product - ZTU_Zatumanom
2018-02-21 18:58:00 [info] Load product - MC_McTrade
2018-02-21 18:58:00 [info] Load product - BL_MorozKofe
2018-02-21 18:58:00 [info] Load product - MG_BabyTerra
2018-02-21 18:58:00 [info] Load product - BLA_MorozKofe
2018-02-21 18:58:00 [info] Load product - PETS_PetShop
2018-02-21 18:58:00 [info] Load product - PL_Pleer
2018-02-21 18:58:00 [info] Load product - TORG_Mail
2018-02-21 18:58:00 [info] Load product - ZU_StayerInstrument
2018-02-21 18:58:01 [info] Load product - EL_Elgal
2018-02-21 18:58:01 [info] Load product - LUM_Lumis
2018-02-21 18:58:01 [info] Load product - STA_Stal
2018-02-21 18:58:01 [info] Load product - ME_Merlion
2018-02-21 18:58:01 [info] Load product - TORG2_TradeDesign
2018-02-21 18:58:01 [info] Load product - OR_Optvideo
2018-02-21 18:58:01 [info] Load product - OnlTr_OnlineTrade
2018-02-21 18:58:01 [info] Load product - PL_Satom
2018-02-21 18:58:01 [info] Load product - ZTU_Tursportopt
2018-02-21 18:58:01 [info] Load product - ORH_Oreht
2018-02-21 18:58:01 [info] Load product - ZOOS_KotyaShop
2018-02-21 18:58:01 [info] Load product - BL_AmadeusBt
2018-02-21 18:58:01 [info] Load product - ZU_Zubr36
2018-02-21 18:58:01 [info] Load product - BL_GidroShop
2018-02-21 18:58:01 [info] Load product - BLA_GidroShop
2018-02-21 18:58:01 [info] Load product - BLA_Vannam
2018-02-21 18:58:01 [info] Load product - ELPAK_RelefOpt
2018-02-21 18:58:01 [info] Handshake. MAC address ec:8e:b5:10:65:38.4
2018-02-21 18:58:01 [info] Load product - ORH_Mrmag
2018-02-21 18:58:01 [info] Load product - ZTU_Zatumanom
2018-02-21 18:58:01 [info] Load product - MC_McTrade
2018-02-21 18:58:01 [info] Load product - BL_MorozKofe
2018-02-21 18:58:01 [info] Load product - MG_BabyTerra
2018-02-21 18:58:01 [info] Load product - BLA_MorozKofe
2018-02-21 18:58:01 [info] Load product - PETS_PetShop
2018-02-21 18:58:01 [info] Load product - PL_Pleer
2018-02-21 18:58:01 [info] Load product - TORG_Mail
2018-02-21 18:58:01 [info] Load product - ZU_StayerInstrument
2018-02-21 18:58:01 [info] Load product - EL_Elgal
2018-02-21 18:58:01 [info] Load product - LUM_Lumis
2018-02-21 18:58:01 [info] Load product - STA_Stal
2018-02-21 18:58:01 [info] Load product - ME_Merlion
2018-02-21 18:58:01 [info] Load product - TORG2_TradeDesign
2018-02-21 18:58:01 [info] Load product - OR_Optvideo
2018-02-21 18:58:01 [info] Load product - OnlTr_OnlineTrade
2018-02-21 18:58:01 [info] Load product - PL_Satom
2018-02-21 18:58:01 [info] Load product - ZTU_Tursportopt
2018-02-21 18:58:01 [info] Load product - ORH_Oreht
2018-02-21 18:58:01 [info] Load product - ZOOS_KotyaShop
2018-02-21 18:58:01 [info] Load product - BL_AmadeusBt
2018-02-21 18:58:01 [info] Load product - ZU_Zubr36
2018-02-21 18:58:01 [info] Load product - BL_GidroShop
2018-02-21 18:58:01 [info] Load product - BLA_GidroShop
2018-02-21 18:58:01 [info] Load product - BLA_Vannam
2018-02-21 18:58:01 [info] Load product - ELPAK_RelefOpt
2018-02-21 18:58:01 [info] Load product - ORH_Mrmag
2018-02-21 18:58:01 [info] Load product - ZTU_Zatumanom
2018-02-21 18:58:01 [info] Load product - MC_McTrade
2018-02-21 18:58:01 [info] Load product - BL_MorozKofe
2018-02-21 18:58:01 [info] Load product - MG_BabyTerra
2018-02-21 18:58:01 [info] Load product - BLA_MorozKofe
2018-02-21 18:58:01 [info] Load product - PETS_PetShop
2018-02-21 18:58:01 [info] Load product - PL_Pleer
2018-02-21 18:58:01 [info] Load product - TORG_Mail
2018-02-21 18:58:01 [info] Load product - ZU_StayerInstrument
2018-02-21 18:58:01 [info] Load product - EL_Elgal
2018-02-21 18:58:01 [info] Load product - LUM_Lumis
2018-02-21 18:58:01 [info] Load product - STA_Stal
2018-02-21 18:58:02 [info] Load product - ME_Merlion
2018-02-21 18:58:02 [info] Load product - TORG2_TradeDesign
2018-02-21 18:58:02 [info] Load product - OR_Optvideo
2018-02-21 18:58:02 [info] Load product - OnlTr_OnlineTrade
2018-02-21 18:58:02 [info] Load product - PL_Satom
2018-02-21 18:58:02 [info] Load product - ZTU_Tursportopt
2018-02-21 18:58:02 [info] Load product - ORH_Oreht
2018-02-21 18:58:02 [info] Load product - ZOOS_KotyaShop
2018-02-21 18:58:02 [info] Load product - BL_AmadeusBt
2018-02-21 18:58:02 [info] Load product - ZU_Zubr36
2018-02-21 18:58:02 [info] Load product - BL_GidroShop
2018-02-21 18:58:02 [info] Load product - BLA_GidroShop
2018-02-21 18:58:02 [info] Load product - BLA_Vannam
2018-02-21 18:58:02 [info] Load product - ELPAK_RelefOpt
