2018-02-21 18:48:52 [info] Worker 4 started, proxy port 55216
2018-02-21 18:49:09 [info] request-data product PL_Pleer
2018-02-21 18:49:10 [info] request-data product ZTU_Zatumanom
2018-02-21 18:49:18 [info] request-data product ELPAK_RelefOpt
2018-02-21 18:49:18 [info] request-data product BL_GidroShop
2018-02-21 18:49:18 [error] An error occurred TypeError: source.js.url is not a function
    at parse (/home/eugene/vseinet/data/bin/parsers/worker.js:27:41)
    at <anonymous>
    at process._tickDomainCallback (internal/process/next_tick.js:228:7) TypeError: source.js.url is not a function
    at parse (/home/eugene/vseinet/data/bin/parsers/worker.js:27:41)
    at <anonymous>
    at process._tickDomainCallback (internal/process/next_tick.js:228:7)
2018-02-21 18:49:50 [info] request-data product ORH_Mrmag
2018-02-21 18:49:50 [info] request-data product ZOOS_KotyaShop
2018-02-21 18:49:50 [info] request-data product OR_Optvideo
2018-02-21 18:49:50 [info] request-data product STA_Stal
2018-02-21 18:49:50 [info] request-data product LUM_Lumis
2018-02-21 18:49:50 [info] request-data product STA_Stal
2018-02-21 18:49:50 [info] request-data product OR_Optvideo
2018-02-21 18:49:50 [info] request-data product ZOOS_KotyaShop
2018-02-21 18:49:50 [info] request-data product ORH_Mrmag
2018-02-21 18:49:50 [info] request-data product TORG_Mail
2018-02-21 18:49:50 [info] request-data product ORH_Oreht
2018-02-21 18:49:50 [info] request-data product MG_BabyTerra
2018-02-21 18:49:50 [info] request-data product ORH_Oreht
2018-02-21 18:49:50 [info] request-data product TORG_Mail
2018-02-21 18:49:50 [info] request-data product BL_GidroShop
2018-02-21 18:49:50 [info] request-data product ORH_Oreht
2018-02-21 18:49:50 [info] request-data product MC_McTrade
2018-02-21 18:49:50 [info] request-data product ORH_Mrmag
2018-02-21 18:49:50 [info] request-data product BLA_Vannam
2018-02-21 18:49:50 [info] request-data product ELPAK_RelefOpt
2018-02-21 18:49:50 [info] request-data product ME_Merlion
2018-02-21 18:49:50 [info] request-data product ZU_Zubr36
2018-02-21 18:50:01 [info] request-data product BLA_GidroShop
2018-02-21 18:50:01 [info] request-data product LUM_Lumis
2018-02-21 18:58:04 [info] Worker 4 started, proxy port 56538
2018-02-21 18:58:04 [info] request-data product ORH_Mrmag
2018-02-21 18:58:04 [info] request-data product PETS_PetShop
2018-02-21 18:58:04 [info] request-data product ZTU_Zatumanom
2018-02-21 18:58:04 [info] request-data product LUM_Lumis
2018-02-21 18:58:04 [info] request-data product ZOOS_KotyaShop
2018-02-21 18:58:04 [info] request-data product BL_MorozKofe
2018-02-21 18:58:04 [info] request-data product OnlTr_OnlineTrade
2018-02-21 18:58:04 [info] request-data product BL_MorozKofe
2018-02-21 18:58:04 [info] request-data product ZOOS_KotyaShop
2018-02-21 18:58:04 [info] request-data product LUM_Lumis
2018-02-21 18:58:04 [info] request-data product MG_BabyTerra
2018-02-21 18:58:04 [info] request-data product ORH_Mrmag
2018-02-21 18:58:04 [info] request-data product BLA_GidroShop
2018-02-21 18:58:04 [info] request-data product BL_GidroShop
2018-02-21 18:58:04 [info] request-data product BLA_GidroShop
2018-02-21 18:58:05 [info] request-data product ORH_Mrmag
2018-02-21 18:58:05 [info] request-data product MG_BabyTerra
2018-02-21 18:58:05 [info] request-data product LUM_Lumis
2018-02-21 18:58:05 [info] request-data product ZOOS_KotyaShop
2018-02-21 18:58:05 [info] request-data product BL_MorozKofe
2018-02-21 18:58:05 [info] request-data product OnlTr_OnlineTrade
2018-02-21 18:58:05 [info] request-data product BL_MorozKofe
2018-02-21 18:58:05 [info] request-data product ZOOS_KotyaShop
2018-02-21 18:58:05 [info] request-data product LUM_Lumis
2018-02-21 18:58:05 [info] request-data product MG_BabyTerra
2018-02-21 18:58:05 [info] request-data product ORH_Mrmag
2018-02-21 18:58:05 [info] request-data product BLA_GidroShop
2018-02-21 18:58:05 [info] request-data product BL_GidroShop
2018-02-21 18:58:05 [info] request-data product BLA_GidroShop
2018-02-21 18:58:05 [info] request-data product ORH_Mrmag
2018-02-21 18:58:05 [info] request-data product MG_BabyTerra
2018-02-21 18:58:05 [info] request-data product LUM_Lumis
2018-02-21 18:58:05 [info] request-data product ZOOS_KotyaShop
2018-02-21 18:58:05 [info] request-data product BL_MorozKofe
2018-02-21 18:58:05 [info] request-data product OnlTr_OnlineTrade
2018-02-21 18:58:05 [info] request-data product BL_MorozKofe
2018-02-21 18:58:05 [info] request-data product ZOOS_KotyaShop
2018-02-21 18:58:05 [info] request-data product LUM_Lumis
2018-02-21 18:58:05 [info] request-data product MG_BabyTerra
2018-02-21 18:58:05 [info] request-data product ORH_Mrmag
2018-02-21 18:58:05 [info] request-data product BLA_GidroShop
2018-02-21 18:58:05 [info] request-data product BL_GidroShop
2018-02-21 18:58:05 [info] request-data product EL_Elgal
2018-02-21 18:58:05 [info] request-data product ORH_Mrmag
2018-02-21 18:58:05 [info] request-data product BLA_Vannam
2018-02-21 18:58:05 [info] request-data product BL_AmadeusBt
2018-02-21 18:58:05 [info] request-data product ORH_Mrmag
2018-02-21 18:58:05 [info] request-data product MC_McTrade
2018-02-21 18:58:05 [info] request-data product ORH_Mrmag
2018-02-21 18:58:05 [info] request-data product PL_Pleer
2018-02-21 18:58:05 [info] request-data product ZTU_Tursportopt
2018-02-21 18:58:05 [info] request-data product MG_BabyTerra
2018-02-21 18:58:05 [info] request-data product BL_AmadeusBt
2018-02-21 18:58:05 [info] request-data product ME_Merlion
2018-02-21 18:58:05 [info] request-data product TORG_Mail
2018-02-21 18:58:05 [info] request-data product BLA_MorozKofe
2018-02-21 18:58:05 [info] request-data product PETS_PetShop
2018-02-21 18:58:05 [info] request-data product EL_Elgal
2018-02-21 18:58:05 [info] request-data product PL_Satom
2018-02-21 18:58:08 [info] request-data product ZTU_Zatumanom
2018-02-21 18:58:08 [info] request-data product MG_BabyTerra
2018-02-21 18:58:08 [info] request-data product PL_Pleer
2018-02-21 18:58:08 [info] request-data product TORG_Mail
2018-02-21 18:58:08 [info] request-data product BL_AmadeusBt
2018-02-21 18:58:08 [info] request-data product BL_AmadeusBt
2018-02-21 18:58:08 [info] request-data product TORG2_TradeDesign
2018-02-21 18:58:08 [info] request-data product TORG_Mail
2018-02-21 18:58:08 [info] request-data product PL_Satom
2018-02-21 18:58:13 [info] request-data product ZU_StayerInstrument
2018-02-21 18:58:13 [info] request-data product EL_Elgal
2018-02-21 18:58:13 [info] request-data product BL_GidroShop
2018-02-21 18:58:13 [info] request-data product STA_Stal
2018-02-21 18:58:17 [info] request-data product EL_Elgal
2018-02-21 18:58:17 [info] request-data product ZTU_Tursportopt
2018-02-21 18:58:17 [info] request-data product LUM_Lumis
2018-02-21 18:58:29 [info] request-data product BL_AmadeusBt
2018-02-21 18:58:29 [info] request-data product ZTU_Zatumanom
2018-02-21 18:58:29 [info] request-data product ZU_Zubr36
2018-02-21 18:58:31 [info] request-data product BL_AmadeusBt
2018-02-21 18:58:36 [info] request-data product BL_MorozKofe
2018-02-21 18:58:36 [info] request-data product MG_BabyTerra
2018-02-21 18:58:41 [info] request-data product ZTU_Zatumanom
2018-02-21 18:58:43 [info] request-data product MC_McTrade
2018-02-21 18:58:43 [info] request-data product PL_Pleer
