2018-02-21 18:48:50 [info] Worker 1 started, proxy port 46661
2018-02-21 18:49:02 [info] request-data product ELPAK_RelefOpt
2018-02-21 18:49:02 [info] request-data product BL_MorozKofe
2018-02-21 18:49:02 [info] request-data product EL_Elgal
2018-02-21 18:49:02 [info] request-data product ORH_Oreht
2018-02-21 18:49:02 [info] request-data product MC_McTrade
2018-02-21 18:49:02 [info] request-data product OR_Optvideo
2018-02-21 18:49:02 [info] request-data product MC_McTrade
2018-02-21 18:49:03 [info] request-data product ORH_Oreht
2018-02-21 18:49:03 [info] request-data product EL_Elgal
2018-02-21 18:49:03 [info] request-data product BL_MorozKofe
2018-02-21 18:49:03 [info] request-data product ELPAK_RelefOpt
2018-02-21 18:49:03 [info] request-data product BL_GidroShop
2018-02-21 18:49:39 [info] request-data product BL_MorozKofe
2018-02-21 18:49:48 [info] request-data product OnlTr_OnlineTrade
2018-02-21 18:49:48 [info] request-data product BL_AmadeusBt
2018-02-21 18:49:48 [info] request-data product TORG_Mail
2018-02-21 18:49:48 [info] request-data product BLA_Vannam
2018-02-21 18:49:48 [info] request-data product OnlTr_OnlineTrade
2018-02-21 18:49:48 [info] request-data product ZU_StayerInstrument
2018-02-21 18:49:48 [info] request-data product MG_BabyTerra
2018-02-21 18:49:48 [info] request-data product ZTU_Zatumanom
2018-02-21 18:49:48 [info] request-data product ORH_Mrmag
2018-02-21 18:49:48 [info] request-data product ZTU_Zatumanom
2018-02-21 18:49:48 [info] request-data product MG_BabyTerra
2018-02-21 18:49:48 [info] request-data product ZU_StayerInstrument
2018-02-21 18:49:48 [info] request-data product OnlTr_OnlineTrade
2018-02-21 18:49:48 [info] request-data product BLA_Vannam
2018-02-21 18:49:48 [info] request-data product TORG_Mail
2018-02-21 18:49:48 [info] request-data product BL_AmadeusBt
2018-02-21 18:49:48 [info] request-data product TORG_Mail
2018-02-21 18:49:48 [info] request-data product BLA_Vannam
2018-02-21 18:49:48 [info] request-data product OnlTr_OnlineTrade
2018-02-21 18:49:48 [info] request-data product ZU_StayerInstrument
2018-02-21 18:49:48 [info] request-data product MG_BabyTerra
2018-02-21 18:49:48 [info] request-data product ZTU_Zatumanom
2018-02-21 18:49:48 [info] request-data product ORH_Mrmag
2018-02-21 18:49:48 [info] request-data product OR_Optvideo
2018-02-21 18:49:48 [info] request-data product ZU_Zubr36
2018-02-21 18:49:48 [info] request-data product ORH_Mrmag
2018-02-21 18:49:48 [info] request-data product ZTU_Zatumanom
2018-02-21 18:49:48 [info] request-data product ELPAK_RelefOpt
2018-02-21 18:49:48 [info] request-data product EL_Elgal
2018-02-21 18:49:48 [info] request-data product OR_Optvideo
2018-02-21 18:49:48 [info] request-data product MC_McTrade
2018-02-21 18:49:48 [info] request-data product BL_GidroShop
2018-02-21 18:49:48 [info] request-data product ZU_StayerInstrument
2018-02-21 18:49:59 [info] request-data product ORH_Mrmag
2018-02-21 18:49:59 [info] request-data product OR_Optvideo
2018-02-21 18:49:59 [info] request-data product EL_Elgal
2018-02-21 18:49:59 [info] request-data product LUM_Lumis
2018-02-21 18:49:59 [info] request-data product TORG2_TradeDesign
2018-02-21 18:49:59 [info] request-data product ORH_Oreht
2018-02-21 18:49:59 [info] request-data product ELPAK_RelefOpt
2018-02-21 18:49:59 [info] request-data product PL_Pleer
2018-02-21 18:49:59 [info] request-data product BLA_MorozKofe
2018-02-21 18:49:59 [info] request-data product BLA_GidroShop
2018-02-21 18:49:59 [info] request-data product LUM_Lumis
2018-02-21 18:50:00 [info] request-data product TORG_Mail
2018-02-21 18:50:00 [info] request-data product PL_Satom
2018-02-21 18:50:00 [info] request-data product MC_McTrade
2018-02-21 18:50:00 [info] request-data product MC_McTrade
2018-02-21 18:50:00 [info] request-data product BL_GidroShop
2018-02-21 18:50:00 [info] request-data product ZOOS_KotyaShop
2018-02-21 18:50:00 [info] request-data product PL_Pleer
2018-02-21 18:50:00 [info] request-data product STA_Stal
2018-02-21 18:50:00 [info] request-data product BLA_MorozKofe
2018-02-21 18:50:00 [info] request-data product PL_Pleer
2018-02-21 18:50:00 [info] request-data product BLA_GidroShop
2018-02-21 18:50:00 [info] request-data product ORH_Mrmag
2018-02-21 18:50:00 [info] request-data product MG_BabyTerra
2018-02-21 18:50:00 [info] request-data product BLA_MorozKofe
2018-02-21 18:50:00 [info] request-data product ZU_Zubr36
2018-02-21 18:50:00 [info] request-data product ME_Merlion
2018-02-21 18:50:00 [info] request-data product PETS_PetShop
2018-02-21 18:50:00 [info] request-data product ZTU_Zatumanom
2018-02-21 18:50:00 [info] request-data product ELPAK_RelefOpt
2018-02-21 18:50:00 [info] request-data product BL_GidroShop
2018-02-21 18:50:00 [info] request-data product BLA_GidroShop
2018-02-21 18:50:00 [info] request-data product ORH_Mrmag
2018-02-21 18:50:00 [info] request-data product ZU_StayerInstrument
2018-02-21 18:50:00 [info] request-data product ORH_Oreht
2018-02-21 18:50:00 [info] request-data product MG_BabyTerra
2018-02-21 18:50:00 [info] request-data product BLA_Vannam
2018-02-21 18:50:00 [info] request-data product EL_Elgal
2018-02-21 18:50:00 [info] request-data product MG_BabyTerra
2018-02-21 18:50:00 [info] request-data product ZTU_Zatumanom
2018-02-21 18:50:00 [info] request-data product EL_Elgal
2018-02-21 18:50:00 [info] request-data product BL_GidroShop
2018-02-21 18:50:00 [info] request-data product STA_Stal
2018-02-21 18:50:00 [info] request-data product BL_AmadeusBt
2018-02-21 18:50:00 [info] request-data product ZTU_Zatumanom
2018-02-21 18:50:00 [info] request-data product OnlTr_OnlineTrade
2018-02-21 18:50:00 [info] request-data product ORH_Oreht
2018-02-21 18:50:00 [info] request-data product STA_Stal
2018-02-21 18:50:00 [info] request-data product BL_MorozKofe
2018-02-21 18:50:00 [info] request-data product ZOOS_KotyaShop
2018-02-21 18:50:00 [info] request-data product ME_Merlion
2018-02-21 18:50:00 [info] request-data product TORG2_TradeDesign
2018-02-21 18:50:00 [info] request-data product OR_Optvideo
2018-02-21 18:50:00 [info] request-data product ELPAK_RelefOpt
2018-02-21 18:50:00 [info] request-data product PL_Pleer
2018-02-21 18:50:00 [info] request-data product OnlTr_OnlineTrade
2018-02-21 18:50:00 [info] request-data product BLA_MorozKofe
2018-02-21 18:50:00 [info] request-data product ELPAK_RelefOpt
2018-02-21 18:50:00 [info] request-data product BLA_GidroShop
2018-02-21 18:50:00 [info] request-data product BLA_Vannam
2018-02-21 18:50:00 [info] request-data product BL_MorozKofe
2018-02-21 18:50:00 [info] request-data product EL_Elgal
2018-02-21 18:50:00 [info] request-data product ZOOS_KotyaShop
2018-02-21 18:50:00 [info] request-data product ZTU_Zatumanom
2018-02-21 18:50:00 [info] request-data product STA_Stal
2018-02-21 18:50:00 [info] request-data product ZU_StayerInstrument
2018-02-21 18:50:00 [info] request-data product BLA_GidroShop
2018-02-21 18:50:00 [info] request-data product ME_Merlion
2018-02-21 18:50:00 [info] request-data product ME_Merlion
2018-02-21 18:50:00 [info] request-data product OnlTr_OnlineTrade
2018-02-21 18:50:00 [info] request-data product BLA_MorozKofe
2018-02-21 18:50:00 [info] request-data product MC_McTrade
2018-02-21 18:50:00 [info] request-data product BLA_Vannam
2018-02-21 18:50:00 [info] request-data product STA_Stal
2018-02-21 18:50:00 [info] request-data product MC_McTrade
2018-02-21 18:50:00 [info] request-data product PL_Pleer
2018-02-21 18:50:00 [info] request-data product BL_MorozKofe
2018-02-21 18:50:00 [info] request-data product ZOOS_KotyaShop
2018-02-21 18:50:00 [info] request-data product ZU_Zubr36
2018-02-21 18:50:00 [info] request-data product ORH_Mrmag
2018-02-21 18:50:00 [info] request-data product TORG2_TradeDesign
2018-02-21 18:50:00 [info] request-data product BLA_Vannam
2018-02-21 18:50:00 [info] request-data product LUM_Lumis
2018-02-21 18:50:00 [info] request-data product ORH_Mrmag
2018-02-21 18:50:00 [info] request-data product ZOOS_KotyaShop
2018-02-21 18:50:00 [info] request-data product PL_Satom
2018-02-21 18:50:00 [info] request-data product TORG2_TradeDesign
2018-02-21 18:50:00 [info] request-data product OR_Optvideo
2018-02-21 18:50:00 [info] request-data product ZTU_Tursportopt
2018-02-21 18:50:00 [info] request-data product BL_GidroShop
2018-02-21 18:50:00 [info] request-data product BLA_MorozKofe
2018-02-21 18:50:00 [info] request-data product ZTU_Tursportopt
2018-02-21 18:50:00 [info] request-data product ZTU_Zatumanom
2018-02-21 18:50:00 [info] request-data product TORG2_TradeDesign
2018-02-21 18:50:00 [info] request-data product TORG_Mail
2018-02-21 18:50:01 [info] request-data product BLA_Vannam
2018-02-21 18:50:01 [info] request-data product BLA_Vannam
2018-02-21 18:50:01 [info] request-data product ORH_Mrmag
2018-02-21 18:50:01 [info] request-data product PETS_PetShop
2018-02-21 18:50:01 [info] request-data product OR_Optvideo
2018-02-21 18:50:01 [info] request-data product TORG2_TradeDesign
2018-02-21 18:50:01 [info] request-data product OR_Optvideo
2018-02-21 18:50:01 [info] request-data product ZTU_Tursportopt
2018-02-21 18:50:01 [info] request-data product BL_GidroShop
2018-02-21 18:50:01 [info] request-data product ORH_Oreht
2018-02-21 18:50:01 [info] request-data product ZTU_Tursportopt
2018-02-21 18:50:01 [info] request-data product ZOOS_KotyaShop
2018-02-21 18:50:01 [info] request-data product BLA_MorozKofe
2018-02-21 18:50:01 [info] request-data product ZOOS_KotyaShop
2018-02-21 18:50:01 [info] request-data product ZU_StayerInstrument
2018-02-21 18:50:01 [info] request-data product ORH_Mrmag
2018-02-21 18:50:01 [info] request-data product BL_AmadeusBt
2018-02-21 18:50:01 [info] request-data product OnlTr_OnlineTrade
2018-02-21 18:50:01 [info] request-data product ME_Merlion
2018-02-21 18:50:01 [info] request-data product STA_Stal
2018-02-21 18:50:01 [info] request-data product ME_Merlion
2018-02-21 18:50:01 [info] request-data product OnlTr_OnlineTrade
2018-02-21 18:50:01 [info] request-data product BL_GidroShop
2018-02-21 18:50:01 [info] request-data product MC_McTrade
2018-02-21 18:50:01 [info] request-data product OR_Optvideo
2018-02-21 18:50:01 [info] request-data product ELPAK_RelefOpt
2018-02-21 18:50:01 [info] request-data product PL_Satom
2018-02-21 18:50:01 [info] request-data product LUM_Lumis
2018-02-21 18:50:01 [info] request-data product TORG_Mail
2018-02-21 18:50:01 [info] request-data product ORH_Mrmag
2018-02-21 18:50:01 [info] request-data product MC_McTrade
2018-02-21 18:50:01 [info] request-data product TORG_Mail
2018-02-21 18:50:01 [info] request-data product BLA_MorozKofe
2018-02-21 18:50:01 [info] request-data product MG_BabyTerra
2018-02-21 18:50:01 [info] request-data product ORH_Oreht
2018-02-21 18:50:01 [info] request-data product ZU_Zubr36
2018-02-21 18:50:01 [info] request-data product ORH_Mrmag
2018-02-21 18:50:01 [info] request-data product PETS_PetShop
2018-02-21 18:50:01 [info] request-data product OR_Optvideo
2018-02-21 18:50:01 [info] request-data product ELPAK_RelefOpt
2018-02-21 18:50:01 [info] request-data product LUM_Lumis
2018-02-21 18:50:01 [info] request-data product ELPAK_RelefOpt
2018-02-21 18:50:01 [info] request-data product OR_Optvideo
2018-02-21 18:50:01 [info] request-data product PETS_PetShop
2018-02-21 18:50:01 [info] request-data product ORH_Mrmag
2018-02-21 18:50:01 [info] request-data product ZU_Zubr36
2018-02-21 18:50:01 [info] request-data product ORH_Oreht
2018-02-21 18:50:01 [info] request-data product ZTU_Tursportopt
2018-02-21 18:50:01 [info] request-data product ORH_Oreht
2018-02-21 18:50:01 [info] request-data product ZU_Zubr36
2018-02-21 18:50:01 [info] request-data product ORH_Mrmag
2018-02-21 18:50:01 [info] request-data product ZU_StayerInstrument
2018-02-21 18:50:01 [info] request-data product ZTU_Tursportopt
2018-02-21 18:50:01 [info] request-data product ZTU_Zatumanom
2018-02-21 18:50:01 [info] request-data product ZOOS_KotyaShop
2018-02-21 18:50:01 [info] request-data product TORG2_TradeDesign
2018-02-21 18:50:01 [info] request-data product LUM_Lumis
2018-02-21 18:50:01 [info] request-data product MC_McTrade
2018-02-21 18:50:01 [info] request-data product BL_GidroShop
2018-02-21 18:50:02 [info] request-data product ZTU_Tursportopt
2018-02-21 18:50:02 [info] request-data product LUM_Lumis
2018-02-21 18:50:02 [info] request-data product EL_Elgal
2018-02-21 18:50:02 [info] request-data product LUM_Lumis
2018-02-21 18:50:02 [info] request-data product TORG2_TradeDesign
2018-02-21 18:50:02 [info] request-data product ORH_Oreht
2018-02-21 18:50:02 [info] request-data product ELPAK_RelefOpt
2018-02-21 18:50:02 [info] request-data product PL_Pleer
2018-02-21 18:50:02 [info] request-data product ZTU_Tursportopt
2018-02-21 18:50:02 [info] request-data product BL_MorozKofe
2018-02-21 18:50:02 [info] request-data product ZTU_Tursportopt
2018-02-21 18:50:02 [info] request-data product PL_Pleer
2018-02-21 18:50:02 [info] request-data product ELPAK_RelefOpt
2018-02-21 18:50:02 [info] request-data product ORH_Oreht
2018-02-21 18:50:02 [info] request-data product TORG2_TradeDesign
2018-02-21 18:50:02 [info] request-data product LUM_Lumis
2018-02-21 18:50:02 [info] request-data product EL_Elgal
2018-02-21 18:50:02 [info] request-data product LUM_Lumis
2018-02-21 18:50:02 [info] request-data product TORG2_TradeDesign
2018-02-21 18:50:02 [info] request-data product ORH_Oreht
2018-02-21 18:50:02 [info] request-data product ELPAK_RelefOpt
2018-02-21 18:50:02 [info] request-data product PL_Pleer
2018-02-21 18:50:02 [info] request-data product ZTU_Tursportopt
2018-02-21 18:50:02 [info] request-data product BL_MorozKofe
2018-02-21 18:50:02 [info] request-data product MG_BabyTerra
2018-02-21 18:50:02 [info] request-data product BL_AmadeusBt
2018-02-21 18:50:02 [info] request-data product STA_Stal
2018-02-21 18:50:02 [info] request-data product OR_Optvideo
2018-02-21 18:50:02 [info] request-data product EL_Elgal
2018-02-21 18:50:02 [info] request-data product PL_Pleer
2018-02-21 18:50:02 [info] request-data product PETS_PetShop
2018-02-21 18:50:02 [info] request-data product PL_Pleer
2018-02-21 18:50:02 [info] request-data product EL_Elgal
2018-02-21 18:50:02 [info] request-data product OR_Optvideo
2018-02-21 18:50:02 [info] request-data product ZU_Zubr36
2018-02-21 18:50:02 [info] request-data product BL_MorozKofe
2018-02-21 18:50:02 [info] request-data product TORG2_TradeDesign
2018-02-21 18:50:02 [info] request-data product ORH_Mrmag
2018-02-21 18:50:02 [info] request-data product TORG2_TradeDesign
2018-02-21 18:50:02 [info] request-data product BL_MorozKofe
2018-02-21 18:50:02 [info] request-data product ZU_Zubr36
2018-02-21 18:50:02 [info] request-data product OR_Optvideo
2018-02-21 18:50:02 [info] request-data product EL_Elgal
2018-02-21 18:50:02 [info] request-data product PL_Pleer
2018-02-21 18:50:02 [info] request-data product MG_BabyTerra
2018-02-21 18:50:02 [info] request-data product BLA_MorozKofe
2018-02-21 18:50:02 [info] request-data product TORG_Mail
2018-02-21 18:50:02 [info] request-data product ME_Merlion
2018-02-21 18:50:02 [info] request-data product ZOOS_KotyaShop
2018-02-21 18:50:02 [info] request-data product ZTU_Zatumanom
2018-02-21 18:50:02 [info] request-data product PL_Satom
2018-02-21 18:50:02 [info] request-data product MC_McTrade
2018-02-21 18:50:02 [info] request-data product PL_Satom
2018-02-21 18:50:02 [info] request-data product PETS_PetShop
2018-02-21 18:50:02 [info] request-data product BLA_Vannam
2018-02-21 18:50:02 [info] request-data product ZTU_Tursportopt
2018-02-21 18:50:02 [info] request-data product ME_Merlion
2018-02-21 18:50:02 [info] request-data product EL_Elgal
2018-02-21 18:50:02 [info] request-data product ZU_StayerInstrument
2018-02-21 18:50:02 [info] request-data product EL_Elgal
2018-02-21 18:50:02 [info] request-data product ME_Merlion
2018-02-21 18:50:02 [info] request-data product ZU_Zubr36
2018-02-21 18:50:02 [info] request-data product ZTU_Zatumanom
2018-02-21 18:50:02 [info] request-data product EL_Elgal
2018-02-21 18:50:02 [info] request-data product BL_AmadeusBt
2018-02-21 18:50:02 [info] request-data product PETS_PetShop
2018-02-21 18:50:02 [info] request-data product BL_AmadeusBt
2018-02-21 18:50:02 [info] request-data product EL_Elgal
2018-02-21 18:50:02 [info] request-data product ZTU_Zatumanom
2018-02-21 18:50:02 [info] request-data product ZU_Zubr36
2018-02-21 18:50:03 [info] request-data product PL_Satom
2018-02-21 18:50:03 [info] request-data product TORG2_TradeDesign
2018-02-21 18:50:03 [info] request-data product ME_Merlion
2018-02-21 18:50:03 [info] request-data product TORG2_TradeDesign
2018-02-21 18:50:03 [info] request-data product PL_Satom
2018-02-21 18:50:03 [info] request-data product BLA_GidroShop
2018-02-21 18:50:03 [info] request-data product BL_MorozKofe
2018-02-21 18:50:03 [info] request-data product STA_Stal
2018-02-21 18:50:03 [info] request-data product BL_GidroShop
2018-02-21 18:50:03 [info] request-data product TORG_Mail
2018-02-21 18:50:03 [info] request-data product ZU_StayerInstrument
2018-02-21 18:50:03 [info] request-data product ELPAK_RelefOpt
2018-02-21 18:50:03 [info] request-data product PL_Satom
2018-02-21 18:50:03 [info] request-data product EL_Elgal
2018-02-21 18:50:03 [info] request-data product BLA_MorozKofe
2018-02-21 18:50:03 [info] request-data product MC_McTrade
2018-02-21 18:50:03 [info] request-data product TORG2_TradeDesign
2018-02-21 18:50:03 [info] request-data product OR_Optvideo
2018-02-21 18:50:03 [info] request-data product ZTU_Tursportopt
2018-02-21 18:50:03 [info] request-data product LUM_Lumis
2018-02-21 18:50:03 [info] request-data product PL_Pleer
2018-02-21 18:50:03 [info] request-data product OnlTr_OnlineTrade
2018-02-21 18:50:03 [info] request-data product ORH_Mrmag
2018-02-21 18:50:03 [info] request-data product STA_Stal
2018-02-21 18:50:03 [info] request-data product ORH_Mrmag
2018-02-21 18:50:03 [info] request-data product EL_Elgal
2018-02-21 18:50:03 [info] request-data product ZTU_Zatumanom
2018-02-21 18:50:03 [info] request-data product ZU_Zubr36
2018-02-21 18:50:03 [info] request-data product PL_Satom
2018-02-21 18:50:03 [info] request-data product TORG2_TradeDesign
2018-02-21 18:50:03 [info] request-data product ME_Merlion
2018-02-21 18:50:03 [info] request-data product TORG2_TradeDesign
2018-02-21 18:50:03 [info] request-data product PL_Satom
2018-02-21 18:50:03 [info] request-data product ZU_Zubr36
2018-02-21 18:50:03 [info] request-data product ZTU_Zatumanom
2018-02-21 18:50:03 [info] request-data product TORG2_TradeDesign
2018-02-21 18:50:03 [info] request-data product BLA_Vannam
2018-02-21 18:50:03 [info] request-data product OnlTr_OnlineTrade
2018-02-21 18:50:03 [info] request-data product EL_Elgal
2018-02-21 18:50:04 [info] request-data product ORH_Mrmag
2018-02-21 18:50:04 [info] request-data product TORG_Mail
2018-02-21 18:50:04 [info] request-data product LUM_Lumis
2018-02-21 18:50:04 [info] request-data product PETS_PetShop
2018-02-21 18:50:04 [info] request-data product BL_MorozKofe
2018-02-21 18:50:04 [info] request-data product MC_McTrade
2018-02-21 18:50:04 [info] request-data product BL_MorozKofe
2018-02-21 18:50:04 [info] request-data product PETS_PetShop
2018-02-21 18:50:04 [info] request-data product LUM_Lumis
2018-02-21 18:50:04 [info] request-data product ZTU_Tursportopt
2018-02-21 18:50:04 [info] request-data product ORH_Mrmag
2018-02-21 18:50:04 [info] request-data product EL_Elgal
2018-02-21 18:50:04 [info] request-data product BL_GidroShop
2018-02-21 18:50:04 [info] request-data product EL_Elgal
2018-02-21 18:50:04 [info] request-data product ORH_Mrmag
2018-02-21 18:50:04 [info] request-data product ZTU_Tursportopt
2018-02-21 18:50:04 [info] request-data product LUM_Lumis
2018-02-21 18:50:04 [info] request-data product PETS_PetShop
2018-02-21 18:50:04 [info] request-data product BL_MorozKofe
2018-02-21 18:50:04 [info] request-data product MC_McTrade
2018-02-21 18:50:04 [info] request-data product BL_MorozKofe
2018-02-21 18:50:04 [info] request-data product PETS_PetShop
2018-02-21 18:50:04 [info] request-data product ME_Merlion
2018-02-21 18:50:04 [info] request-data product ZOOS_KotyaShop
2018-02-21 18:50:04 [info] request-data product ZTU_Zatumanom
2018-02-21 18:50:04 [info] request-data product STA_Stal
2018-02-21 18:50:04 [info] request-data product BLA_Vannam
2018-02-21 18:50:04 [info] request-data product STA_Stal
2018-02-21 18:50:04 [info] request-data product ZTU_Zatumanom
2018-02-21 18:50:04 [info] request-data product ZOOS_KotyaShop
2018-02-21 18:50:04 [info] request-data product ME_Merlion
2018-02-21 18:50:04 [info] request-data product TORG_Mail
2018-02-21 18:50:04 [info] request-data product BLA_MorozKofe
2018-02-21 18:50:04 [info] request-data product MG_BabyTerra
2018-02-21 18:50:04 [info] request-data product BLA_MorozKofe
2018-02-21 18:50:04 [info] request-data product TORG_Mail
2018-02-21 18:50:04 [info] request-data product ME_Merlion
2018-02-21 18:50:04 [info] request-data product ZOOS_KotyaShop
2018-02-21 18:50:04 [info] request-data product ORH_Oreht
2018-02-21 18:50:04 [info] request-data product BL_AmadeusBt
2018-02-21 18:50:04 [info] request-data product PETS_PetShop
2018-02-21 18:50:04 [info] request-data product BL_AmadeusBt
2018-02-21 18:50:04 [info] request-data product EL_Elgal
2018-02-21 18:50:04 [info] request-data product BLA_GidroShop
2018-02-21 18:50:04 [info] request-data product PL_Satom
2018-02-21 18:50:04 [info] request-data product STA_Stal
2018-02-21 18:50:04 [info] request-data product ZU_StayerInstrument
2018-02-21 18:50:04 [info] request-data product TORG_Mail
2018-02-21 18:50:04 [info] request-data product ZU_StayerInstrument
2018-02-21 18:50:04 [info] request-data product STA_Stal
2018-02-21 18:50:04 [info] request-data product PL_Satom
2018-02-21 18:50:04 [info] request-data product BLA_GidroShop
2018-02-21 18:50:04 [info] request-data product BLA_MorozKofe
2018-02-21 18:50:04 [info] request-data product OnlTr_OnlineTrade
2018-02-21 18:50:04 [info] request-data product ZTU_Zatumanom
2018-02-21 18:50:04 [info] request-data product OnlTr_OnlineTrade
2018-02-21 18:50:04 [info] request-data product BLA_MorozKofe
2018-02-21 18:50:04 [info] request-data product BLA_GidroShop
2018-02-21 18:50:04 [info] request-data product PL_Satom
2018-02-21 18:50:04 [info] request-data product STA_Stal
2018-02-21 18:50:04 [info] request-data product ZU_StayerInstrument
2018-02-21 18:50:04 [info] request-data product TORG_Mail
2018-02-21 18:50:04 [info] request-data product ZU_StayerInstrument
2018-02-21 18:50:04 [info] request-data product ORH_Mrmag
2018-02-21 18:50:04 [info] request-data product MG_BabyTerra
2018-02-21 18:50:04 [info] request-data product LUM_Lumis
2018-02-21 18:50:04 [info] request-data product ZOOS_KotyaShop
2018-02-21 18:50:04 [info] request-data product ZU_Zubr36
2018-02-21 18:50:04 [info] request-data product PL_Pleer
2018-02-21 18:50:04 [info] request-data product ZU_Zubr36
2018-02-21 18:50:04 [info] request-data product BLA_MorozKofe
2018-02-21 18:50:04 [info] request-data product BLA_GidroShop
2018-02-21 18:50:04 [info] request-data product PL_Satom
2018-02-21 18:50:04 [info] request-data product STA_Stal
2018-02-21 18:50:04 [info] request-data product ZU_StayerInstrument
2018-02-21 18:50:04 [info] request-data product TORG_Mail
2018-02-21 18:50:04 [info] request-data product ZU_StayerInstrument
2018-02-21 18:50:04 [info] request-data product STA_Stal
2018-02-21 18:50:04 [info] request-data product PL_Satom
2018-02-21 18:50:04 [info] request-data product BLA_GidroShop
2018-02-21 18:50:05 [info] request-data product ZU_StayerInstrument
2018-02-21 18:50:05 [info] request-data product ZOOS_KotyaShop
2018-02-21 18:50:05 [info] request-data product BLA_MorozKofe
2018-02-21 18:50:05 [info] request-data product ORH_Mrmag
2018-02-21 18:50:05 [info] request-data product OnlTr_OnlineTrade
2018-02-21 18:50:05 [info] request-data product PL_Pleer
2018-02-21 18:50:05 [info] request-data product ORH_Mrmag
2018-02-21 18:50:05 [info] request-data product BL_GidroShop
2018-02-21 18:50:05 [info] request-data product MG_BabyTerra
2018-02-21 18:50:05 [info] request-data product BL_MorozKofe
2018-02-21 18:50:05 [info] request-data product MG_BabyTerra
2018-02-21 18:50:05 [info] request-data product ZU_Zubr36
2018-02-21 18:50:05 [info] request-data product ORH_Mrmag
2018-02-21 18:50:05 [info] request-data product PETS_PetShop
2018-02-21 18:50:05 [info] request-data product OR_Optvideo
2018-02-21 18:50:05 [info] request-data product ELPAK_RelefOpt
2018-02-21 18:50:05 [info] request-data product LUM_Lumis
